dir: ./20_newsgroups
strategy: alternative
direction: asc
training percentage: 50
shift: 2
stop words: ./src/stop_words-long.txt
term threshold: 0.0
use term frequency to predict: False
smoothing factor: 1.0
splitting corpus...
class: talk.politics.mideast, path: ./20_newsgroups/talk.politics.mideast, training set size: 500, testing set size: 500
class: rec.autos, path: ./20_newsgroups/rec.autos, training set size: 500, testing set size: 500
class: comp.sys.mac.hardware, path: ./20_newsgroups/comp.sys.mac.hardware, training set size: 500, testing set size: 500
class: alt.atheism, path: ./20_newsgroups/alt.atheism, training set size: 500, testing set size: 500
class: rec.sport.baseball, path: ./20_newsgroups/rec.sport.baseball, training set size: 500, testing set size: 500
class: comp.os.ms-windows.misc, path: ./20_newsgroups/comp.os.ms-windows.misc, training set size: 500, testing set size: 500
class: rec.sport.hockey, path: ./20_newsgroups/rec.sport.hockey, training set size: 500, testing set size: 500
class: sci.crypt, path: ./20_newsgroups/sci.crypt, training set size: 500, testing set size: 500
class: sci.med, path: ./20_newsgroups/sci.med, training set size: 500, testing set size: 500
class: talk.politics.misc, path: ./20_newsgroups/talk.politics.misc, training set size: 500, testing set size: 500
class: rec.motorcycles, path: ./20_newsgroups/rec.motorcycles, training set size: 500, testing set size: 500
class: comp.windows.x, path: ./20_newsgroups/comp.windows.x, training set size: 500, testing set size: 500
class: comp.graphics, path: ./20_newsgroups/comp.graphics, training set size: 500, testing set size: 500
class: comp.sys.ibm.pc.hardware, path: ./20_newsgroups/comp.sys.ibm.pc.hardware, training set size: 500, testing set size: 500
class: sci.electronics, path: ./20_newsgroups/sci.electronics, training set size: 500, testing set size: 500
class: talk.politics.guns, path: ./20_newsgroups/talk.politics.guns, training set size: 500, testing set size: 500
class: sci.space, path: ./20_newsgroups/sci.space, training set size: 500, testing set size: 500
class: soc.religion.christian, path: ./20_newsgroups/soc.religion.christian, training set size: 498, testing set size: 499
class: misc.forsale, path: ./20_newsgroups/misc.forsale, training set size: 500, testing set size: 500
class: talk.religion.misc, path: ./20_newsgroups/talk.religion.misc, training set size: 500, testing set size: 500
corpus is splitted

learning the training set...
class: talk.politics.mideast, training sample amount: 500, terms: 19680
class: rec.autos, training sample amount: 500, terms: 13450
class: comp.sys.mac.hardware, training sample amount: 500, terms: 12902
class: alt.atheism, training sample amount: 500, terms: 14678
class: rec.sport.baseball, training sample amount: 500, terms: 12567
class: comp.os.ms-windows.misc, training sample amount: 500, terms: 19214
class: rec.sport.hockey, training sample amount: 500, terms: 16238
class: sci.crypt, training sample amount: 500, terms: 16485
class: sci.med, training sample amount: 500, terms: 16509
class: talk.politics.misc, training sample amount: 500, terms: 18656
class: rec.motorcycles, training sample amount: 500, terms: 12523
class: comp.windows.x, training sample amount: 500, terms: 19607
class: comp.graphics, training sample amount: 500, terms: 16775
class: comp.sys.ibm.pc.hardware, training sample amount: 500, terms: 11961
class: sci.electronics, training sample amount: 500, terms: 12593
class: talk.politics.guns, training sample amount: 500, terms: 16713
class: sci.space, training sample amount: 500, terms: 17847
class: soc.religion.christian, training sample amount: 498, terms: 15341
class: misc.forsale, training sample amount: 500, terms: 13207
class: talk.religion.misc, training sample amount: 500, terms: 16571
training matrix shape: (20, 165858)
consumed 14.01 seconds to train

class [talk.politics.mideast] correct: 489 in 500 samples, correct rate: 0.978, largest error: ('talk.politics.misc', 0.018)
class [rec.autos] correct: 448 in 500 samples, correct rate: 0.896, largest error: ('talk.politics.misc', 0.04)
class [comp.sys.mac.hardware] correct: 455 in 500 samples, correct rate: 0.91, largest error: ('talk.politics.misc', 0.026)
class [alt.atheism] correct: 392 in 500 samples, correct rate: 0.784, largest error: ('talk.religion.misc', 0.164)
class [rec.sport.baseball] correct: 477 in 500 samples, correct rate: 0.954, largest error: ('talk.politics.misc', 0.022)
class [comp.os.ms-windows.misc] correct: 410 in 500 samples, correct rate: 0.82, largest error: ('comp.graphics', 0.06)
class [rec.sport.hockey] correct: 486 in 500 samples, correct rate: 0.972, largest error: ('talk.politics.misc', 0.012)
class [sci.crypt] correct: 492 in 500 samples, correct rate: 0.984, largest error: ('talk.politics.misc', 0.012)
class [sci.med] correct: 450 in 500 samples, correct rate: 0.9, largest error: ('talk.politics.misc', 0.032)
class [talk.politics.misc] correct: 406 in 500 samples, correct rate: 0.812, largest error: ('talk.religion.misc', 0.068)
class [rec.motorcycles] correct: 454 in 500 samples, correct rate: 0.908, largest error: ('talk.politics.misc', 0.048)
class [comp.windows.x] correct: 460 in 500 samples, correct rate: 0.92, largest error: ('talk.politics.misc', 0.018)
class [comp.graphics] correct: 444 in 500 samples, correct rate: 0.888, largest error: ('talk.politics.misc', 0.024)
class [comp.sys.ibm.pc.hardware] correct: 416 in 500 samples, correct rate: 0.832, largest error: ('sci.crypt', 0.038)
class [sci.electronics] correct: 370 in 500 samples, correct rate: 0.74, largest error: ('sci.crypt', 0.076)
class [talk.politics.guns] correct: 459 in 500 samples, correct rate: 0.918, largest error: ('talk.politics.misc', 0.032)
class [sci.space] correct: 467 in 500 samples, correct rate: 0.934, largest error: ('talk.politics.misc', 0.032)
class [soc.religion.christian] correct: 497 in 499 samples, correct rate: 0.9959919839679359, largest error: ('talk.politics.misc', 0.004008016032064128)
class [misc.forsale] correct: 352 in 500 samples, correct rate: 0.704, largest error: ('talk.politics.misc', 0.066)
class [talk.religion.misc] correct: 282 in 500 samples, correct rate: 0.564, largest error: ('alt.atheism', 0.22)
consumed 263 seconds to test

