dir: ./20_newsgroups
strategy: alternative
direction: asc
training percentage: 50
shift: 1
stop words: ./src/stop_words-long.txt
term threshold: 0.0
use term frequency to predict: False
smoothing factor: 1.0
splitting corpus...
class: talk.politics.mideast, path: ./20_newsgroups/talk.politics.mideast, training set size: 500, testing set size: 500
class: rec.autos, path: ./20_newsgroups/rec.autos, training set size: 500, testing set size: 500
class: comp.sys.mac.hardware, path: ./20_newsgroups/comp.sys.mac.hardware, training set size: 500, testing set size: 500
class: alt.atheism, path: ./20_newsgroups/alt.atheism, training set size: 500, testing set size: 500
class: rec.sport.baseball, path: ./20_newsgroups/rec.sport.baseball, training set size: 500, testing set size: 500
class: comp.os.ms-windows.misc, path: ./20_newsgroups/comp.os.ms-windows.misc, training set size: 500, testing set size: 500
class: rec.sport.hockey, path: ./20_newsgroups/rec.sport.hockey, training set size: 500, testing set size: 500
class: sci.crypt, path: ./20_newsgroups/sci.crypt, training set size: 500, testing set size: 500
class: sci.med, path: ./20_newsgroups/sci.med, training set size: 500, testing set size: 500
class: talk.politics.misc, path: ./20_newsgroups/talk.politics.misc, training set size: 500, testing set size: 500
class: rec.motorcycles, path: ./20_newsgroups/rec.motorcycles, training set size: 500, testing set size: 500
class: comp.windows.x, path: ./20_newsgroups/comp.windows.x, training set size: 500, testing set size: 500
class: comp.graphics, path: ./20_newsgroups/comp.graphics, training set size: 500, testing set size: 500
class: comp.sys.ibm.pc.hardware, path: ./20_newsgroups/comp.sys.ibm.pc.hardware, training set size: 500, testing set size: 500
class: sci.electronics, path: ./20_newsgroups/sci.electronics, training set size: 500, testing set size: 500
class: talk.politics.guns, path: ./20_newsgroups/talk.politics.guns, training set size: 500, testing set size: 500
class: sci.space, path: ./20_newsgroups/sci.space, training set size: 500, testing set size: 500
class: soc.religion.christian, path: ./20_newsgroups/soc.religion.christian, training set size: 499, testing set size: 498
class: misc.forsale, path: ./20_newsgroups/misc.forsale, training set size: 500, testing set size: 500
class: talk.religion.misc, path: ./20_newsgroups/talk.religion.misc, training set size: 500, testing set size: 500
corpus is splitted

learning the training set...
class: talk.politics.mideast, training sample amount: 500, terms: 20555
class: rec.autos, training sample amount: 500, terms: 13574
class: comp.sys.mac.hardware, training sample amount: 500, terms: 12062
class: alt.atheism, training sample amount: 500, terms: 13448
class: rec.sport.baseball, training sample amount: 500, terms: 12364
class: comp.os.ms-windows.misc, training sample amount: 500, terms: 19141
class: rec.sport.hockey, training sample amount: 500, terms: 16384
class: sci.crypt, training sample amount: 500, terms: 16919
class: sci.med, training sample amount: 500, terms: 17298
class: talk.politics.misc, training sample amount: 500, terms: 18302
class: rec.motorcycles, training sample amount: 500, terms: 12319
class: comp.windows.x, training sample amount: 500, terms: 19272
class: comp.graphics, training sample amount: 500, terms: 16771
class: comp.sys.ibm.pc.hardware, training sample amount: 500, terms: 12415
class: sci.electronics, training sample amount: 500, terms: 13535
class: talk.politics.guns, training sample amount: 500, terms: 16318
class: sci.space, training sample amount: 500, terms: 17876
class: soc.religion.christian, training sample amount: 499, terms: 15088
class: misc.forsale, training sample amount: 500, terms: 13774
class: talk.religion.misc, training sample amount: 500, terms: 17019
training matrix shape: (20, 166888)
consumed 14.0 seconds to train

class [talk.politics.mideast] correct: 494 in 500 samples, correct rate: 0.988, largest error: ('talk.politics.misc', 0.01)
class [rec.autos] correct: 454 in 500 samples, correct rate: 0.908, largest error: ('talk.politics.mideast', 0.038)
class [comp.sys.mac.hardware] correct: 435 in 500 samples, correct rate: 0.87, largest error: ('talk.politics.mideast', 0.024)
class [alt.atheism] correct: 345 in 500 samples, correct rate: 0.69, largest error: ('talk.religion.misc', 0.216)
class [rec.sport.baseball] correct: 463 in 500 samples, correct rate: 0.926, largest error: ('talk.politics.mideast', 0.022)
class [comp.os.ms-windows.misc] correct: 398 in 500 samples, correct rate: 0.796, largest error: ('comp.graphics', 0.076)
class [rec.sport.hockey] correct: 488 in 500 samples, correct rate: 0.976, largest error: ('talk.politics.misc', 0.01)
class [sci.crypt] correct: 487 in 500 samples, correct rate: 0.974, largest error: ('talk.politics.mideast', 0.016)
class [sci.med] correct: 457 in 500 samples, correct rate: 0.914, largest error: ('talk.politics.mideast', 0.034)
class [talk.politics.misc] correct: 382 in 500 samples, correct rate: 0.764, largest error: ('talk.politics.mideast', 0.098)
class [rec.motorcycles] correct: 441 in 500 samples, correct rate: 0.882, largest error: ('talk.politics.mideast', 0.05)
class [comp.windows.x] correct: 466 in 500 samples, correct rate: 0.932, largest error: ('talk.politics.mideast', 0.018)
class [comp.graphics] correct: 446 in 500 samples, correct rate: 0.892, largest error: ('talk.politics.mideast', 0.022)
class [comp.sys.ibm.pc.hardware] correct: 425 in 500 samples, correct rate: 0.85, largest error: ('comp.graphics', 0.04)
class [sci.electronics] correct: 390 in 500 samples, correct rate: 0.78, largest error: ('sci.crypt', 0.06)
class [talk.politics.guns] correct: 457 in 500 samples, correct rate: 0.914, largest error: ('talk.politics.misc', 0.04)
class [sci.space] correct: 474 in 500 samples, correct rate: 0.948, largest error: ('talk.politics.mideast', 0.024)
class [soc.religion.christian] correct: 494 in 498 samples, correct rate: 0.9919678714859438, largest error: ('talk.politics.mideast', 0.008032128514056224)
class [misc.forsale] correct: 362 in 500 samples, correct rate: 0.724, largest error: ('talk.politics.mideast', 0.048)
class [talk.religion.misc] correct: 311 in 500 samples, correct rate: 0.622, largest error: ('alt.atheism', 0.162)
consumed 264 seconds to test

