dir: ./20_newsgroups
strategy: alternative
direction: asc
training percentage: 50
shift: 7
stop words: ./src/stop_words-long.txt
term threshold: 0.0
use term frequency to predict: False
smoothing factor: 0.5
splitting corpus...
class: talk.politics.mideast, path: ./20_newsgroups/talk.politics.mideast, training set size: 500, testing set size: 500
class: rec.autos, path: ./20_newsgroups/rec.autos, training set size: 500, testing set size: 500
class: comp.sys.mac.hardware, path: ./20_newsgroups/comp.sys.mac.hardware, training set size: 500, testing set size: 500
class: alt.atheism, path: ./20_newsgroups/alt.atheism, training set size: 500, testing set size: 500
class: rec.sport.baseball, path: ./20_newsgroups/rec.sport.baseball, training set size: 500, testing set size: 500
class: comp.os.ms-windows.misc, path: ./20_newsgroups/comp.os.ms-windows.misc, training set size: 500, testing set size: 500
class: rec.sport.hockey, path: ./20_newsgroups/rec.sport.hockey, training set size: 500, testing set size: 500
class: sci.crypt, path: ./20_newsgroups/sci.crypt, training set size: 500, testing set size: 500
class: sci.med, path: ./20_newsgroups/sci.med, training set size: 500, testing set size: 500
class: talk.politics.misc, path: ./20_newsgroups/talk.politics.misc, training set size: 500, testing set size: 500
class: rec.motorcycles, path: ./20_newsgroups/rec.motorcycles, training set size: 500, testing set size: 500
class: comp.windows.x, path: ./20_newsgroups/comp.windows.x, training set size: 500, testing set size: 500
class: comp.graphics, path: ./20_newsgroups/comp.graphics, training set size: 500, testing set size: 500
class: comp.sys.ibm.pc.hardware, path: ./20_newsgroups/comp.sys.ibm.pc.hardware, training set size: 500, testing set size: 500
class: sci.electronics, path: ./20_newsgroups/sci.electronics, training set size: 500, testing set size: 500
class: talk.politics.guns, path: ./20_newsgroups/talk.politics.guns, training set size: 500, testing set size: 500
class: sci.space, path: ./20_newsgroups/sci.space, training set size: 500, testing set size: 500
class: soc.religion.christian, path: ./20_newsgroups/soc.religion.christian, training set size: 499, testing set size: 498
class: misc.forsale, path: ./20_newsgroups/misc.forsale, training set size: 500, testing set size: 500
class: talk.religion.misc, path: ./20_newsgroups/talk.religion.misc, training set size: 500, testing set size: 500
corpus is splitted

learning the training set...
class: talk.politics.mideast, training sample amount: 500, terms: 20936
class: rec.autos, training sample amount: 500, terms: 13474
class: comp.sys.mac.hardware, training sample amount: 500, terms: 10855
class: alt.atheism, training sample amount: 500, terms: 14108
class: rec.sport.baseball, training sample amount: 500, terms: 12856
class: comp.os.ms-windows.misc, training sample amount: 500, terms: 27990
class: rec.sport.hockey, training sample amount: 500, terms: 15775
class: sci.crypt, training sample amount: 500, terms: 16125
class: sci.med, training sample amount: 500, terms: 18973
class: talk.politics.misc, training sample amount: 500, terms: 18476
class: rec.motorcycles, training sample amount: 500, terms: 13031
class: comp.windows.x, training sample amount: 500, terms: 18604
class: comp.graphics, training sample amount: 500, terms: 16283
class: comp.sys.ibm.pc.hardware, training sample amount: 500, terms: 13656
class: sci.electronics, training sample amount: 500, terms: 14250
class: talk.politics.guns, training sample amount: 500, terms: 15236
class: sci.space, training sample amount: 500, terms: 17074
class: soc.religion.christian, training sample amount: 499, terms: 15282
class: misc.forsale, training sample amount: 500, terms: 14167
class: talk.religion.misc, training sample amount: 500, terms: 15928
training matrix shape: (20, 176584)
consumed 14.21 seconds to train

class [talk.politics.mideast] correct: 492 in 500 samples, correct rate: 0.984, largest error: ('talk.politics.misc', 0.014)
class [rec.autos] correct: 446 in 500 samples, correct rate: 0.892, largest error: ('talk.politics.misc', 0.046)
class [comp.sys.mac.hardware] correct: 425 in 500 samples, correct rate: 0.85, largest error: ('sci.crypt', 0.03)
class [alt.atheism] correct: 372 in 500 samples, correct rate: 0.744, largest error: ('talk.religion.misc', 0.184)
class [rec.sport.baseball] correct: 486 in 500 samples, correct rate: 0.972, largest error: ('talk.politics.mideast', 0.012)
class [comp.os.ms-windows.misc] correct: 419 in 500 samples, correct rate: 0.838, largest error: ('sci.crypt', 0.046)
class [rec.sport.hockey] correct: 493 in 500 samples, correct rate: 0.986, largest error: ('talk.politics.mideast', 0.006)
class [sci.crypt] correct: 486 in 500 samples, correct rate: 0.972, largest error: ('talk.politics.mideast', 0.01)
class [sci.med] correct: 465 in 500 samples, correct rate: 0.93, largest error: ('talk.politics.mideast', 0.022)
class [talk.politics.misc] correct: 416 in 500 samples, correct rate: 0.832, largest error: ('talk.politics.mideast', 0.076)
class [rec.motorcycles] correct: 477 in 500 samples, correct rate: 0.954, largest error: ('talk.politics.misc', 0.016)
class [comp.windows.x] correct: 472 in 500 samples, correct rate: 0.944, largest error: ('comp.graphics', 0.018)
class [comp.graphics] correct: 413 in 500 samples, correct rate: 0.826, largest error: ('sci.crypt', 0.046)
class [comp.sys.ibm.pc.hardware] correct: 450 in 500 samples, correct rate: 0.9, largest error: ('sci.crypt', 0.024)
class [sci.electronics] correct: 441 in 500 samples, correct rate: 0.882, largest error: ('sci.crypt', 0.04)
class [talk.politics.guns] correct: 446 in 500 samples, correct rate: 0.892, largest error: ('talk.politics.misc', 0.076)
class [sci.space] correct: 476 in 500 samples, correct rate: 0.952, largest error: ('talk.politics.mideast', 0.02)
class [soc.religion.christian] correct: 496 in 498 samples, correct rate: 0.9959839357429718, largest error: ('talk.politics.mideast', 0.004016064257028112)
class [misc.forsale] correct: 366 in 500 samples, correct rate: 0.732, largest error: ('talk.politics.misc', 0.064)
class [talk.religion.misc] correct: 234 in 500 samples, correct rate: 0.468, largest error: ('alt.atheism', 0.188)
consumed 280 seconds to test

