dir: ./20_newsgroups
strategy: alternative
direction: asc
training percentage: 50
shift: 0
stop words: ./src/stop_words-long.txt
term threshold: 0.0
use term frequency to predict: False
smoothing factor: 0.9
splitting corpus...
class: talk.politics.mideast, path: ./20_newsgroups/talk.politics.mideast, training set size: 500, testing set size: 500
class: rec.autos, path: ./20_newsgroups/rec.autos, training set size: 500, testing set size: 500
class: comp.sys.mac.hardware, path: ./20_newsgroups/comp.sys.mac.hardware, training set size: 500, testing set size: 500
class: alt.atheism, path: ./20_newsgroups/alt.atheism, training set size: 500, testing set size: 500
class: rec.sport.baseball, path: ./20_newsgroups/rec.sport.baseball, training set size: 500, testing set size: 500
class: comp.os.ms-windows.misc, path: ./20_newsgroups/comp.os.ms-windows.misc, training set size: 500, testing set size: 500
class: rec.sport.hockey, path: ./20_newsgroups/rec.sport.hockey, training set size: 500, testing set size: 500
class: sci.crypt, path: ./20_newsgroups/sci.crypt, training set size: 500, testing set size: 500
class: sci.med, path: ./20_newsgroups/sci.med, training set size: 500, testing set size: 500
class: talk.politics.misc, path: ./20_newsgroups/talk.politics.misc, training set size: 500, testing set size: 500
class: rec.motorcycles, path: ./20_newsgroups/rec.motorcycles, training set size: 500, testing set size: 500
class: comp.windows.x, path: ./20_newsgroups/comp.windows.x, training set size: 500, testing set size: 500
class: comp.graphics, path: ./20_newsgroups/comp.graphics, training set size: 500, testing set size: 500
class: comp.sys.ibm.pc.hardware, path: ./20_newsgroups/comp.sys.ibm.pc.hardware, training set size: 500, testing set size: 500
class: sci.electronics, path: ./20_newsgroups/sci.electronics, training set size: 500, testing set size: 500
class: talk.politics.guns, path: ./20_newsgroups/talk.politics.guns, training set size: 500, testing set size: 500
class: sci.space, path: ./20_newsgroups/sci.space, training set size: 500, testing set size: 500
class: soc.religion.christian, path: ./20_newsgroups/soc.religion.christian, training set size: 499, testing set size: 498
class: misc.forsale, path: ./20_newsgroups/misc.forsale, training set size: 500, testing set size: 500
class: talk.religion.misc, path: ./20_newsgroups/talk.religion.misc, training set size: 500, testing set size: 500
corpus is splitted

learning the training set...
class: talk.politics.mideast, training sample amount: 500, terms: 20222
class: rec.autos, training sample amount: 500, terms: 13352
class: comp.sys.mac.hardware, training sample amount: 500, terms: 11723
class: alt.atheism, training sample amount: 500, terms: 13276
class: rec.sport.baseball, training sample amount: 500, terms: 12832
class: comp.os.ms-windows.misc, training sample amount: 500, terms: 22054
class: rec.sport.hockey, training sample amount: 500, terms: 16275
class: sci.crypt, training sample amount: 500, terms: 16706
class: sci.med, training sample amount: 500, terms: 18053
class: talk.politics.misc, training sample amount: 500, terms: 18624
class: rec.motorcycles, training sample amount: 500, terms: 13145
class: comp.windows.x, training sample amount: 500, terms: 19428
class: comp.graphics, training sample amount: 500, terms: 17430
class: comp.sys.ibm.pc.hardware, training sample amount: 500, terms: 12477
class: sci.electronics, training sample amount: 500, terms: 13327
class: talk.politics.guns, training sample amount: 500, terms: 16476
class: sci.space, training sample amount: 500, terms: 16324
class: soc.religion.christian, training sample amount: 499, terms: 15322
class: misc.forsale, training sample amount: 500, terms: 13605
class: talk.religion.misc, training sample amount: 500, terms: 16937
training matrix shape: (20, 171422)
consumed 17.71 seconds to train

class [talk.politics.mideast] correct: 492 in 500 samples, correct rate: 0.984, largest error: ('talk.politics.misc', 0.016)
class [rec.autos] correct: 440 in 500 samples, correct rate: 0.88, largest error: ('talk.politics.misc', 0.042)
class [comp.sys.mac.hardware] correct: 431 in 500 samples, correct rate: 0.862, largest error: ('talk.politics.misc', 0.042)
class [alt.atheism] correct: 340 in 500 samples, correct rate: 0.68, largest error: ('talk.religion.misc', 0.19)
class [rec.sport.baseball] correct: 477 in 500 samples, correct rate: 0.954, largest error: ('talk.politics.misc', 0.028)
class [comp.os.ms-windows.misc] correct: 388 in 500 samples, correct rate: 0.776, largest error: ('comp.graphics', 0.078)
class [rec.sport.hockey] correct: 488 in 500 samples, correct rate: 0.976, largest error: ('talk.politics.misc', 0.014)
class [sci.crypt] correct: 482 in 500 samples, correct rate: 0.964, largest error: ('talk.politics.misc', 0.02)
class [sci.med] correct: 470 in 500 samples, correct rate: 0.94, largest error: ('talk.politics.misc', 0.028)
class [talk.politics.misc] correct: 399 in 500 samples, correct rate: 0.798, largest error: ('talk.religion.misc', 0.074)
class [rec.motorcycles] correct: 460 in 500 samples, correct rate: 0.92, largest error: ('talk.politics.misc', 0.024)
class [comp.windows.x] correct: 465 in 500 samples, correct rate: 0.93, largest error: ('comp.graphics', 0.026)
class [comp.graphics] correct: 466 in 500 samples, correct rate: 0.932, largest error: ('talk.politics.misc', 0.016)
class [comp.sys.ibm.pc.hardware] correct: 433 in 500 samples, correct rate: 0.866, largest error: ('comp.graphics', 0.03)
class [sci.electronics] correct: 391 in 500 samples, correct rate: 0.782, largest error: ('sci.crypt', 0.076)
class [talk.politics.guns] correct: 449 in 500 samples, correct rate: 0.898, largest error: ('talk.politics.misc', 0.056)
class [sci.space] correct: 464 in 500 samples, correct rate: 0.928, largest error: ('talk.politics.misc', 0.034)
class [soc.religion.christian] correct: 496 in 498 samples, correct rate: 0.9959839357429718, largest error: ('talk.politics.mideast', 0.002008032128514056)
class [misc.forsale] correct: 358 in 500 samples, correct rate: 0.716, largest error: ('talk.politics.misc', 0.062)
class [talk.religion.misc] correct: 295 in 500 samples, correct rate: 0.59, largest error: ('alt.atheism', 0.154)
consumed 269 seconds to test

