dir: ./20_newsgroups
strategy: alternative
direction: asc
training percentage: 50
shift: 6
stop words: ./src/stop_words-long.txt
term threshold: 0.0
use term frequency to predict: False
smoothing factor: 0.2
splitting corpus...
class: talk.politics.mideast, path: ./20_newsgroups/talk.politics.mideast, training set size: 500, testing set size: 500
class: rec.autos, path: ./20_newsgroups/rec.autos, training set size: 500, testing set size: 500
class: comp.sys.mac.hardware, path: ./20_newsgroups/comp.sys.mac.hardware, training set size: 500, testing set size: 500
class: alt.atheism, path: ./20_newsgroups/alt.atheism, training set size: 500, testing set size: 500
class: rec.sport.baseball, path: ./20_newsgroups/rec.sport.baseball, training set size: 500, testing set size: 500
class: comp.os.ms-windows.misc, path: ./20_newsgroups/comp.os.ms-windows.misc, training set size: 500, testing set size: 500
class: rec.sport.hockey, path: ./20_newsgroups/rec.sport.hockey, training set size: 500, testing set size: 500
class: sci.crypt, path: ./20_newsgroups/sci.crypt, training set size: 500, testing set size: 500
class: sci.med, path: ./20_newsgroups/sci.med, training set size: 500, testing set size: 500
class: talk.politics.misc, path: ./20_newsgroups/talk.politics.misc, training set size: 500, testing set size: 500
class: rec.motorcycles, path: ./20_newsgroups/rec.motorcycles, training set size: 500, testing set size: 500
class: comp.windows.x, path: ./20_newsgroups/comp.windows.x, training set size: 500, testing set size: 500
class: comp.graphics, path: ./20_newsgroups/comp.graphics, training set size: 500, testing set size: 500
class: comp.sys.ibm.pc.hardware, path: ./20_newsgroups/comp.sys.ibm.pc.hardware, training set size: 500, testing set size: 500
class: sci.electronics, path: ./20_newsgroups/sci.electronics, training set size: 500, testing set size: 500
class: talk.politics.guns, path: ./20_newsgroups/talk.politics.guns, training set size: 500, testing set size: 500
class: sci.space, path: ./20_newsgroups/sci.space, training set size: 500, testing set size: 500
class: soc.religion.christian, path: ./20_newsgroups/soc.religion.christian, training set size: 498, testing set size: 499
class: misc.forsale, path: ./20_newsgroups/misc.forsale, training set size: 500, testing set size: 500
class: talk.religion.misc, path: ./20_newsgroups/talk.religion.misc, training set size: 500, testing set size: 500
corpus is splitted

learning the training set...
class: talk.politics.mideast, training sample amount: 500, terms: 19949
class: rec.autos, training sample amount: 500, terms: 13347
class: comp.sys.mac.hardware, training sample amount: 500, terms: 11913
class: alt.atheism, training sample amount: 500, terms: 15238
class: rec.sport.baseball, training sample amount: 500, terms: 12987
class: comp.os.ms-windows.misc, training sample amount: 500, terms: 28192
class: rec.sport.hockey, training sample amount: 500, terms: 15386
class: sci.crypt, training sample amount: 500, terms: 15726
class: sci.med, training sample amount: 500, terms: 18331
class: talk.politics.misc, training sample amount: 500, terms: 18781
class: rec.motorcycles, training sample amount: 500, terms: 13126
class: comp.windows.x, training sample amount: 500, terms: 19040
class: comp.graphics, training sample amount: 500, terms: 15441
class: comp.sys.ibm.pc.hardware, training sample amount: 500, terms: 13032
class: sci.electronics, training sample amount: 500, terms: 13450
class: talk.politics.guns, training sample amount: 500, terms: 15436
class: sci.space, training sample amount: 500, terms: 17222
class: soc.religion.christian, training sample amount: 498, terms: 15465
class: misc.forsale, training sample amount: 500, terms: 13719
class: talk.religion.misc, training sample amount: 500, terms: 15426
training matrix shape: (20, 175249)
consumed 21.51 seconds to train

class [talk.politics.mideast] correct: 490 in 500 samples, correct rate: 0.98, largest error: ('talk.politics.misc', 0.018)
class [rec.autos] correct: 453 in 500 samples, correct rate: 0.906, largest error: ('talk.politics.misc', 0.052)
class [comp.sys.mac.hardware] correct: 460 in 500 samples, correct rate: 0.92, largest error: ('talk.politics.misc', 0.026)
class [alt.atheism] correct: 423 in 500 samples, correct rate: 0.846, largest error: ('talk.religion.misc', 0.128)
class [rec.sport.baseball] correct: 484 in 500 samples, correct rate: 0.968, largest error: ('talk.politics.misc', 0.012)
class [comp.os.ms-windows.misc] correct: 433 in 500 samples, correct rate: 0.866, largest error: ('comp.sys.ibm.pc.hardware', 0.032)
class [rec.sport.hockey] correct: 492 in 500 samples, correct rate: 0.984, largest error: ('talk.politics.misc', 0.014)
class [sci.crypt] correct: 490 in 500 samples, correct rate: 0.98, largest error: ('talk.politics.misc', 0.01)
class [sci.med] correct: 464 in 500 samples, correct rate: 0.928, largest error: ('talk.politics.misc', 0.034)
class [talk.politics.misc] correct: 410 in 500 samples, correct rate: 0.82, largest error: ('talk.politics.mideast', 0.066)
class [rec.motorcycles] correct: 485 in 500 samples, correct rate: 0.97, largest error: ('talk.politics.misc', 0.014)
class [comp.windows.x] correct: 477 in 500 samples, correct rate: 0.954, largest error: ('comp.graphics', 0.014)
class [comp.graphics] correct: 420 in 500 samples, correct rate: 0.84, largest error: ('sci.crypt', 0.032)
class [comp.sys.ibm.pc.hardware] correct: 440 in 500 samples, correct rate: 0.88, largest error: ('talk.politics.misc', 0.036)
class [sci.electronics] correct: 433 in 500 samples, correct rate: 0.866, largest error: ('sci.crypt', 0.046)
class [talk.politics.guns] correct: 446 in 500 samples, correct rate: 0.892, largest error: ('talk.politics.misc', 0.084)
class [sci.space] correct: 479 in 500 samples, correct rate: 0.958, largest error: ('talk.politics.misc', 0.014)
class [soc.religion.christian] correct: 496 in 499 samples, correct rate: 0.9939879759519038, largest error: ('alt.atheism', 0.004008016032064128)
class [misc.forsale] correct: 353 in 500 samples, correct rate: 0.706, largest error: ('talk.politics.misc', 0.09)
class [talk.religion.misc] correct: 216 in 500 samples, correct rate: 0.432, largest error: ('alt.atheism', 0.242)
consumed 298 seconds to test

