dir: ./20_newsgroups
strategy: alternative
direction: asc
training percentage: 50
shift: 3
stop words: ./src/stop_words-long.txt
term threshold: 0.0
use term frequency to predict: False
smoothing factor: 0.2
splitting corpus...
class: talk.politics.mideast, path: ./20_newsgroups/talk.politics.mideast, training set size: 500, testing set size: 500
class: rec.autos, path: ./20_newsgroups/rec.autos, training set size: 500, testing set size: 500
class: comp.sys.mac.hardware, path: ./20_newsgroups/comp.sys.mac.hardware, training set size: 500, testing set size: 500
class: alt.atheism, path: ./20_newsgroups/alt.atheism, training set size: 500, testing set size: 500
class: rec.sport.baseball, path: ./20_newsgroups/rec.sport.baseball, training set size: 500, testing set size: 500
class: comp.os.ms-windows.misc, path: ./20_newsgroups/comp.os.ms-windows.misc, training set size: 500, testing set size: 500
class: rec.sport.hockey, path: ./20_newsgroups/rec.sport.hockey, training set size: 500, testing set size: 500
class: sci.crypt, path: ./20_newsgroups/sci.crypt, training set size: 500, testing set size: 500
class: sci.med, path: ./20_newsgroups/sci.med, training set size: 500, testing set size: 500
class: talk.politics.misc, path: ./20_newsgroups/talk.politics.misc, training set size: 500, testing set size: 500
class: rec.motorcycles, path: ./20_newsgroups/rec.motorcycles, training set size: 500, testing set size: 500
class: comp.windows.x, path: ./20_newsgroups/comp.windows.x, training set size: 500, testing set size: 500
class: comp.graphics, path: ./20_newsgroups/comp.graphics, training set size: 500, testing set size: 500
class: comp.sys.ibm.pc.hardware, path: ./20_newsgroups/comp.sys.ibm.pc.hardware, training set size: 500, testing set size: 500
class: sci.electronics, path: ./20_newsgroups/sci.electronics, training set size: 500, testing set size: 500
class: talk.politics.guns, path: ./20_newsgroups/talk.politics.guns, training set size: 500, testing set size: 500
class: sci.space, path: ./20_newsgroups/sci.space, training set size: 500, testing set size: 500
class: soc.religion.christian, path: ./20_newsgroups/soc.religion.christian, training set size: 498, testing set size: 499
class: misc.forsale, path: ./20_newsgroups/misc.forsale, training set size: 500, testing set size: 500
class: talk.religion.misc, path: ./20_newsgroups/talk.religion.misc, training set size: 500, testing set size: 500
corpus is splitted

learning the training set...
class: talk.politics.mideast, training sample amount: 500, terms: 19792
class: rec.autos, training sample amount: 500, terms: 13471
class: comp.sys.mac.hardware, training sample amount: 500, terms: 12756
class: alt.atheism, training sample amount: 500, terms: 15409
class: rec.sport.baseball, training sample amount: 500, terms: 12415
class: comp.os.ms-windows.misc, training sample amount: 500, terms: 21610
class: rec.sport.hockey, training sample amount: 500, terms: 15688
class: sci.crypt, training sample amount: 500, terms: 17012
class: sci.med, training sample amount: 500, terms: 18109
class: talk.politics.misc, training sample amount: 500, terms: 18628
class: rec.motorcycles, training sample amount: 500, terms: 12669
class: comp.windows.x, training sample amount: 500, terms: 19973
class: comp.graphics, training sample amount: 500, terms: 17252
class: comp.sys.ibm.pc.hardware, training sample amount: 500, terms: 11812
class: sci.electronics, training sample amount: 500, terms: 12631
class: talk.politics.guns, training sample amount: 500, terms: 15574
class: sci.space, training sample amount: 500, terms: 18132
class: soc.religion.christian, training sample amount: 498, terms: 15266
class: misc.forsale, training sample amount: 500, terms: 13216
class: talk.religion.misc, training sample amount: 500, terms: 16684
training matrix shape: (20, 169162)
consumed 18.96 seconds to train

class [talk.politics.mideast] correct: 481 in 500 samples, correct rate: 0.962, largest error: ('talk.politics.misc', 0.034)
class [rec.autos] correct: 458 in 500 samples, correct rate: 0.916, largest error: ('talk.politics.misc', 0.03)
class [comp.sys.mac.hardware] correct: 463 in 500 samples, correct rate: 0.926, largest error: ('talk.politics.misc', 0.022)
class [alt.atheism] correct: 411 in 500 samples, correct rate: 0.822, largest error: ('talk.religion.misc', 0.158)
class [rec.sport.baseball] correct: 482 in 500 samples, correct rate: 0.964, largest error: ('talk.politics.misc', 0.014)
class [comp.os.ms-windows.misc] correct: 432 in 500 samples, correct rate: 0.864, largest error: ('comp.graphics', 0.036)
class [rec.sport.hockey] correct: 486 in 500 samples, correct rate: 0.972, largest error: ('talk.politics.misc', 0.018)
class [sci.crypt] correct: 493 in 500 samples, correct rate: 0.986, largest error: ('talk.politics.misc', 0.012)
class [sci.med] correct: 468 in 500 samples, correct rate: 0.936, largest error: ('talk.politics.misc', 0.03)
class [talk.politics.misc] correct: 397 in 500 samples, correct rate: 0.794, largest error: ('talk.religion.misc', 0.096)
class [rec.motorcycles] correct: 470 in 500 samples, correct rate: 0.94, largest error: ('talk.politics.misc', 0.034)
class [comp.windows.x] correct: 473 in 500 samples, correct rate: 0.946, largest error: ('comp.graphics', 0.014)
class [comp.graphics] correct: 443 in 500 samples, correct rate: 0.886, largest error: ('comp.windows.x', 0.026)
class [comp.sys.ibm.pc.hardware] correct: 413 in 500 samples, correct rate: 0.826, largest error: ('talk.politics.misc', 0.034)
class [sci.electronics] correct: 409 in 500 samples, correct rate: 0.818, largest error: ('sci.crypt', 0.072)
class [talk.politics.guns] correct: 435 in 500 samples, correct rate: 0.87, largest error: ('talk.politics.misc', 0.072)
class [sci.space] correct: 470 in 500 samples, correct rate: 0.94, largest error: ('talk.politics.misc', 0.03)
class [soc.religion.christian] correct: 495 in 499 samples, correct rate: 0.9919839679358717, largest error: ('talk.politics.misc', 0.004008016032064128)
class [misc.forsale] correct: 358 in 500 samples, correct rate: 0.716, largest error: ('talk.politics.misc', 0.076)
class [talk.religion.misc] correct: 293 in 500 samples, correct rate: 0.586, largest error: ('alt.atheism', 0.212)
consumed 293 seconds to test

