dir: ./20_newsgroups
strategy: alternative
direction: asc
training percentage: 50
shift: 7
stop words: ./src/stop_words-long.txt
term threshold: 0.0
use term frequency to predict: False
smoothing factor: 1.0
splitting corpus...
class: talk.politics.mideast, path: ./20_newsgroups/talk.politics.mideast, training set size: 500, testing set size: 500
class: rec.autos, path: ./20_newsgroups/rec.autos, training set size: 500, testing set size: 500
class: comp.sys.mac.hardware, path: ./20_newsgroups/comp.sys.mac.hardware, training set size: 500, testing set size: 500
class: alt.atheism, path: ./20_newsgroups/alt.atheism, training set size: 500, testing set size: 500
class: rec.sport.baseball, path: ./20_newsgroups/rec.sport.baseball, training set size: 500, testing set size: 500
class: comp.os.ms-windows.misc, path: ./20_newsgroups/comp.os.ms-windows.misc, training set size: 500, testing set size: 500
class: rec.sport.hockey, path: ./20_newsgroups/rec.sport.hockey, training set size: 500, testing set size: 500
class: sci.crypt, path: ./20_newsgroups/sci.crypt, training set size: 500, testing set size: 500
class: sci.med, path: ./20_newsgroups/sci.med, training set size: 500, testing set size: 500
class: talk.politics.misc, path: ./20_newsgroups/talk.politics.misc, training set size: 500, testing set size: 500
class: rec.motorcycles, path: ./20_newsgroups/rec.motorcycles, training set size: 500, testing set size: 500
class: comp.windows.x, path: ./20_newsgroups/comp.windows.x, training set size: 500, testing set size: 500
class: comp.graphics, path: ./20_newsgroups/comp.graphics, training set size: 500, testing set size: 500
class: comp.sys.ibm.pc.hardware, path: ./20_newsgroups/comp.sys.ibm.pc.hardware, training set size: 500, testing set size: 500
class: sci.electronics, path: ./20_newsgroups/sci.electronics, training set size: 500, testing set size: 500
class: talk.politics.guns, path: ./20_newsgroups/talk.politics.guns, training set size: 500, testing set size: 500
class: sci.space, path: ./20_newsgroups/sci.space, training set size: 500, testing set size: 500
class: soc.religion.christian, path: ./20_newsgroups/soc.religion.christian, training set size: 499, testing set size: 498
class: misc.forsale, path: ./20_newsgroups/misc.forsale, training set size: 500, testing set size: 500
class: talk.religion.misc, path: ./20_newsgroups/talk.religion.misc, training set size: 500, testing set size: 500
corpus is splitted

learning the training set...
class: talk.politics.mideast, training sample amount: 500, terms: 20936
class: rec.autos, training sample amount: 500, terms: 13474
class: comp.sys.mac.hardware, training sample amount: 500, terms: 10855
class: alt.atheism, training sample amount: 500, terms: 14108
class: rec.sport.baseball, training sample amount: 500, terms: 12856
class: comp.os.ms-windows.misc, training sample amount: 500, terms: 27990
class: rec.sport.hockey, training sample amount: 500, terms: 15775
class: sci.crypt, training sample amount: 500, terms: 16125
class: sci.med, training sample amount: 500, terms: 18973
class: talk.politics.misc, training sample amount: 500, terms: 18476
class: rec.motorcycles, training sample amount: 500, terms: 13031
class: comp.windows.x, training sample amount: 500, terms: 18604
class: comp.graphics, training sample amount: 500, terms: 16283
class: comp.sys.ibm.pc.hardware, training sample amount: 500, terms: 13656
class: sci.electronics, training sample amount: 500, terms: 14250
class: talk.politics.guns, training sample amount: 500, terms: 15236
class: sci.space, training sample amount: 500, terms: 17074
class: soc.religion.christian, training sample amount: 499, terms: 15282
class: misc.forsale, training sample amount: 500, terms: 14167
class: talk.religion.misc, training sample amount: 500, terms: 15928
training matrix shape: (20, 176584)
consumed 15.01 seconds to train

class [talk.politics.mideast] correct: 493 in 500 samples, correct rate: 0.986, largest error: ('talk.politics.misc', 0.012)
class [rec.autos] correct: 440 in 500 samples, correct rate: 0.88, largest error: ('talk.politics.misc', 0.056)
class [comp.sys.mac.hardware] correct: 411 in 500 samples, correct rate: 0.822, largest error: ('talk.politics.misc', 0.04)
class [alt.atheism] correct: 370 in 500 samples, correct rate: 0.74, largest error: ('talk.religion.misc', 0.176)
class [rec.sport.baseball] correct: 483 in 500 samples, correct rate: 0.966, largest error: ('talk.politics.mideast', 0.014)
class [comp.os.ms-windows.misc] correct: 410 in 500 samples, correct rate: 0.82, largest error: ('sci.crypt', 0.054)
class [rec.sport.hockey] correct: 494 in 500 samples, correct rate: 0.988, largest error: ('talk.politics.mideast', 0.006)
class [sci.crypt] correct: 484 in 500 samples, correct rate: 0.968, largest error: ('talk.politics.mideast', 0.01)
class [sci.med] correct: 459 in 500 samples, correct rate: 0.918, largest error: ('talk.politics.misc', 0.03)
class [talk.politics.misc] correct: 421 in 500 samples, correct rate: 0.842, largest error: ('talk.politics.mideast', 0.08)
class [rec.motorcycles] correct: 472 in 500 samples, correct rate: 0.944, largest error: ('talk.politics.mideast', 0.016)
class [comp.windows.x] correct: 472 in 500 samples, correct rate: 0.944, largest error: ('sci.crypt', 0.016)
class [comp.graphics] correct: 399 in 500 samples, correct rate: 0.798, largest error: ('sci.crypt', 0.06)
class [comp.sys.ibm.pc.hardware] correct: 448 in 500 samples, correct rate: 0.896, largest error: ('sci.crypt', 0.03)
class [sci.electronics] correct: 427 in 500 samples, correct rate: 0.854, largest error: ('sci.crypt', 0.046)
class [talk.politics.guns] correct: 447 in 500 samples, correct rate: 0.894, largest error: ('talk.politics.misc', 0.07)
class [sci.space] correct: 473 in 500 samples, correct rate: 0.946, largest error: ('talk.politics.mideast', 0.02)
class [soc.religion.christian] correct: 495 in 498 samples, correct rate: 0.9939759036144579, largest error: ('talk.politics.mideast', 0.006024096385542169)
class [misc.forsale] correct: 362 in 500 samples, correct rate: 0.724, largest error: ('talk.politics.misc', 0.074)
class [talk.religion.misc] correct: 222 in 500 samples, correct rate: 0.444, largest error: ('alt.atheism', 0.194)
consumed 274 seconds to test

