dir: ./20_newsgroups
strategy: alternative
direction: asc
training percentage: 50
shift: 3
stop words: ./src/stop_words-long.txt
term threshold: 0.0
use term frequency to predict: False
smoothing factor: 1.0
splitting corpus...
class: talk.politics.mideast, path: ./20_newsgroups/talk.politics.mideast, training set size: 500, testing set size: 500
class: rec.autos, path: ./20_newsgroups/rec.autos, training set size: 500, testing set size: 500
class: comp.sys.mac.hardware, path: ./20_newsgroups/comp.sys.mac.hardware, training set size: 500, testing set size: 500
class: alt.atheism, path: ./20_newsgroups/alt.atheism, training set size: 500, testing set size: 500
class: rec.sport.baseball, path: ./20_newsgroups/rec.sport.baseball, training set size: 500, testing set size: 500
class: comp.os.ms-windows.misc, path: ./20_newsgroups/comp.os.ms-windows.misc, training set size: 500, testing set size: 500
class: rec.sport.hockey, path: ./20_newsgroups/rec.sport.hockey, training set size: 500, testing set size: 500
class: sci.crypt, path: ./20_newsgroups/sci.crypt, training set size: 500, testing set size: 500
class: sci.med, path: ./20_newsgroups/sci.med, training set size: 500, testing set size: 500
class: talk.politics.misc, path: ./20_newsgroups/talk.politics.misc, training set size: 500, testing set size: 500
class: rec.motorcycles, path: ./20_newsgroups/rec.motorcycles, training set size: 500, testing set size: 500
class: comp.windows.x, path: ./20_newsgroups/comp.windows.x, training set size: 500, testing set size: 500
class: comp.graphics, path: ./20_newsgroups/comp.graphics, training set size: 500, testing set size: 500
class: comp.sys.ibm.pc.hardware, path: ./20_newsgroups/comp.sys.ibm.pc.hardware, training set size: 500, testing set size: 500
class: sci.electronics, path: ./20_newsgroups/sci.electronics, training set size: 500, testing set size: 500
class: talk.politics.guns, path: ./20_newsgroups/talk.politics.guns, training set size: 500, testing set size: 500
class: sci.space, path: ./20_newsgroups/sci.space, training set size: 500, testing set size: 500
class: soc.religion.christian, path: ./20_newsgroups/soc.religion.christian, training set size: 498, testing set size: 499
class: misc.forsale, path: ./20_newsgroups/misc.forsale, training set size: 500, testing set size: 500
class: talk.religion.misc, path: ./20_newsgroups/talk.religion.misc, training set size: 500, testing set size: 500
corpus is splitted

learning the training set...
class: talk.politics.mideast, training sample amount: 500, terms: 19792
class: rec.autos, training sample amount: 500, terms: 13471
class: comp.sys.mac.hardware, training sample amount: 500, terms: 12756
class: alt.atheism, training sample amount: 500, terms: 15409
class: rec.sport.baseball, training sample amount: 500, terms: 12415
class: comp.os.ms-windows.misc, training sample amount: 500, terms: 21610
class: rec.sport.hockey, training sample amount: 500, terms: 15688
class: sci.crypt, training sample amount: 500, terms: 17012
class: sci.med, training sample amount: 500, terms: 18109
class: talk.politics.misc, training sample amount: 500, terms: 18628
class: rec.motorcycles, training sample amount: 500, terms: 12669
class: comp.windows.x, training sample amount: 500, terms: 19973
class: comp.graphics, training sample amount: 500, terms: 17252
class: comp.sys.ibm.pc.hardware, training sample amount: 500, terms: 11812
class: sci.electronics, training sample amount: 500, terms: 12631
class: talk.politics.guns, training sample amount: 500, terms: 15574
class: sci.space, training sample amount: 500, terms: 18132
class: soc.religion.christian, training sample amount: 498, terms: 15266
class: misc.forsale, training sample amount: 500, terms: 13216
class: talk.religion.misc, training sample amount: 500, terms: 16684
training matrix shape: (20, 169162)
consumed 14.02 seconds to train

class [talk.politics.mideast] correct: 485 in 500 samples, correct rate: 0.97, largest error: ('talk.politics.misc', 0.024)
class [rec.autos] correct: 443 in 500 samples, correct rate: 0.886, largest error: ('talk.politics.misc', 0.048)
class [comp.sys.mac.hardware] correct: 449 in 500 samples, correct rate: 0.898, largest error: ('talk.politics.misc', 0.036)
class [alt.atheism] correct: 410 in 500 samples, correct rate: 0.82, largest error: ('talk.religion.misc', 0.15)
class [rec.sport.baseball] correct: 468 in 500 samples, correct rate: 0.936, largest error: ('talk.politics.misc', 0.036)
class [comp.os.ms-windows.misc] correct: 425 in 500 samples, correct rate: 0.85, largest error: ('sci.crypt', 0.03)
class [rec.sport.hockey] correct: 485 in 500 samples, correct rate: 0.97, largest error: ('talk.politics.misc', 0.018)
class [sci.crypt] correct: 493 in 500 samples, correct rate: 0.986, largest error: ('talk.politics.misc', 0.01)
class [sci.med] correct: 446 in 500 samples, correct rate: 0.892, largest error: ('talk.politics.misc', 0.042)
class [talk.politics.misc] correct: 405 in 500 samples, correct rate: 0.81, largest error: ('talk.religion.misc', 0.08)
class [rec.motorcycles] correct: 450 in 500 samples, correct rate: 0.9, largest error: ('talk.politics.misc', 0.056)
class [comp.windows.x] correct: 470 in 500 samples, correct rate: 0.94, largest error: ('sci.crypt', 0.014)
class [comp.graphics] correct: 427 in 500 samples, correct rate: 0.854, largest error: ('talk.politics.misc', 0.042)
class [comp.sys.ibm.pc.hardware] correct: 413 in 500 samples, correct rate: 0.826, largest error: ('talk.politics.misc', 0.054)
class [sci.electronics] correct: 367 in 500 samples, correct rate: 0.734, largest error: ('sci.crypt', 0.114)
class [talk.politics.guns] correct: 433 in 500 samples, correct rate: 0.866, largest error: ('talk.politics.misc', 0.076)
class [sci.space] correct: 462 in 500 samples, correct rate: 0.924, largest error: ('talk.politics.misc', 0.042)
class [soc.religion.christian] correct: 494 in 499 samples, correct rate: 0.9899799599198397, largest error: ('talk.politics.misc', 0.004008016032064128)
class [misc.forsale] correct: 339 in 500 samples, correct rate: 0.678, largest error: ('talk.politics.misc', 0.108)
class [talk.religion.misc] correct: 290 in 500 samples, correct rate: 0.58, largest error: ('alt.atheism', 0.198)
consumed 269 seconds to test

