dir: ./20_newsgroups
strategy: alternative
direction: asc
training percentage: 50
shift: 2
stop words: ./src/stop_words-long.txt
term threshold: 0.0
use term frequency to predict: False
smoothing factor: 0.5
splitting corpus...
class: talk.politics.mideast, path: ./20_newsgroups/talk.politics.mideast, training set size: 500, testing set size: 500
class: rec.autos, path: ./20_newsgroups/rec.autos, training set size: 500, testing set size: 500
class: comp.sys.mac.hardware, path: ./20_newsgroups/comp.sys.mac.hardware, training set size: 500, testing set size: 500
class: alt.atheism, path: ./20_newsgroups/alt.atheism, training set size: 500, testing set size: 500
class: rec.sport.baseball, path: ./20_newsgroups/rec.sport.baseball, training set size: 500, testing set size: 500
class: comp.os.ms-windows.misc, path: ./20_newsgroups/comp.os.ms-windows.misc, training set size: 500, testing set size: 500
class: rec.sport.hockey, path: ./20_newsgroups/rec.sport.hockey, training set size: 500, testing set size: 500
class: sci.crypt, path: ./20_newsgroups/sci.crypt, training set size: 500, testing set size: 500
class: sci.med, path: ./20_newsgroups/sci.med, training set size: 500, testing set size: 500
class: talk.politics.misc, path: ./20_newsgroups/talk.politics.misc, training set size: 500, testing set size: 500
class: rec.motorcycles, path: ./20_newsgroups/rec.motorcycles, training set size: 500, testing set size: 500
class: comp.windows.x, path: ./20_newsgroups/comp.windows.x, training set size: 500, testing set size: 500
class: comp.graphics, path: ./20_newsgroups/comp.graphics, training set size: 500, testing set size: 500
class: comp.sys.ibm.pc.hardware, path: ./20_newsgroups/comp.sys.ibm.pc.hardware, training set size: 500, testing set size: 500
class: sci.electronics, path: ./20_newsgroups/sci.electronics, training set size: 500, testing set size: 500
class: talk.politics.guns, path: ./20_newsgroups/talk.politics.guns, training set size: 500, testing set size: 500
class: sci.space, path: ./20_newsgroups/sci.space, training set size: 500, testing set size: 500
class: soc.religion.christian, path: ./20_newsgroups/soc.religion.christian, training set size: 498, testing set size: 499
class: misc.forsale, path: ./20_newsgroups/misc.forsale, training set size: 500, testing set size: 500
class: talk.religion.misc, path: ./20_newsgroups/talk.religion.misc, training set size: 500, testing set size: 500
corpus is splitted

learning the training set...
class: talk.politics.mideast, training sample amount: 500, terms: 19680
class: rec.autos, training sample amount: 500, terms: 13450
class: comp.sys.mac.hardware, training sample amount: 500, terms: 12902
class: alt.atheism, training sample amount: 500, terms: 14678
class: rec.sport.baseball, training sample amount: 500, terms: 12567
class: comp.os.ms-windows.misc, training sample amount: 500, terms: 19214
class: rec.sport.hockey, training sample amount: 500, terms: 16238
class: sci.crypt, training sample amount: 500, terms: 16485
class: sci.med, training sample amount: 500, terms: 16509
class: talk.politics.misc, training sample amount: 500, terms: 18656
class: rec.motorcycles, training sample amount: 500, terms: 12523
class: comp.windows.x, training sample amount: 500, terms: 19607
class: comp.graphics, training sample amount: 500, terms: 16775
class: comp.sys.ibm.pc.hardware, training sample amount: 500, terms: 11961
class: sci.electronics, training sample amount: 500, terms: 12593
class: talk.politics.guns, training sample amount: 500, terms: 16713
class: sci.space, training sample amount: 500, terms: 17847
class: soc.religion.christian, training sample amount: 498, terms: 15341
class: misc.forsale, training sample amount: 500, terms: 13207
class: talk.religion.misc, training sample amount: 500, terms: 16571
training matrix shape: (20, 165858)
consumed 17.64 seconds to train

class [talk.politics.mideast] correct: 486 in 500 samples, correct rate: 0.972, largest error: ('talk.politics.misc', 0.024)
class [rec.autos] correct: 459 in 500 samples, correct rate: 0.918, largest error: ('talk.politics.misc', 0.026)
class [comp.sys.mac.hardware] correct: 464 in 500 samples, correct rate: 0.928, largest error: ('talk.politics.misc', 0.018)
class [alt.atheism] correct: 391 in 500 samples, correct rate: 0.782, largest error: ('talk.religion.misc', 0.174)
class [rec.sport.baseball] correct: 479 in 500 samples, correct rate: 0.958, largest error: ('talk.politics.misc', 0.018)
class [comp.os.ms-windows.misc] correct: 414 in 500 samples, correct rate: 0.828, largest error: ('comp.graphics', 0.062)
class [rec.sport.hockey] correct: 487 in 500 samples, correct rate: 0.974, largest error: ('talk.politics.misc', 0.012)
class [sci.crypt] correct: 493 in 500 samples, correct rate: 0.986, largest error: ('talk.politics.misc', 0.01)
class [sci.med] correct: 458 in 500 samples, correct rate: 0.916, largest error: ('talk.politics.misc', 0.026)
class [talk.politics.misc] correct: 404 in 500 samples, correct rate: 0.808, largest error: ('talk.religion.misc', 0.07)
class [rec.motorcycles] correct: 460 in 500 samples, correct rate: 0.92, largest error: ('talk.politics.misc', 0.044)
class [comp.windows.x] correct: 462 in 500 samples, correct rate: 0.924, largest error: ('comp.graphics', 0.024)
class [comp.graphics] correct: 449 in 500 samples, correct rate: 0.898, largest error: ('talk.politics.misc', 0.02)
class [comp.sys.ibm.pc.hardware] correct: 416 in 500 samples, correct rate: 0.832, largest error: ('sci.crypt', 0.036)
class [sci.electronics] correct: 394 in 500 samples, correct rate: 0.788, largest error: ('sci.crypt', 0.06)
class [talk.politics.guns] correct: 458 in 500 samples, correct rate: 0.916, largest error: ('talk.politics.misc', 0.034)
class [sci.space] correct: 470 in 500 samples, correct rate: 0.94, largest error: ('talk.politics.misc', 0.028)
class [soc.religion.christian] correct: 497 in 499 samples, correct rate: 0.9959919839679359, largest error: ('talk.politics.misc', 0.004008016032064128)
class [misc.forsale] correct: 357 in 500 samples, correct rate: 0.714, largest error: ('talk.politics.misc', 0.054)
class [talk.religion.misc] correct: 289 in 500 samples, correct rate: 0.578, largest error: ('alt.atheism', 0.214)
consumed 263 seconds to test

