dir: ./20_newsgroups
strategy: alternative
direction: asc
training percentage: 50
shift: 9
stop words: ./src/stop_words-long.txt
term threshold: 0.0
use term frequency to predict: False
smoothing factor: 0.8
splitting corpus...
class: talk.politics.mideast, path: ./20_newsgroups/talk.politics.mideast, training set size: 500, testing set size: 500
class: rec.autos, path: ./20_newsgroups/rec.autos, training set size: 500, testing set size: 500
class: comp.sys.mac.hardware, path: ./20_newsgroups/comp.sys.mac.hardware, training set size: 500, testing set size: 500
class: alt.atheism, path: ./20_newsgroups/alt.atheism, training set size: 500, testing set size: 500
class: rec.sport.baseball, path: ./20_newsgroups/rec.sport.baseball, training set size: 500, testing set size: 500
class: comp.os.ms-windows.misc, path: ./20_newsgroups/comp.os.ms-windows.misc, training set size: 500, testing set size: 500
class: rec.sport.hockey, path: ./20_newsgroups/rec.sport.hockey, training set size: 500, testing set size: 500
class: sci.crypt, path: ./20_newsgroups/sci.crypt, training set size: 500, testing set size: 500
class: sci.med, path: ./20_newsgroups/sci.med, training set size: 500, testing set size: 500
class: talk.politics.misc, path: ./20_newsgroups/talk.politics.misc, training set size: 500, testing set size: 500
class: rec.motorcycles, path: ./20_newsgroups/rec.motorcycles, training set size: 500, testing set size: 500
class: comp.windows.x, path: ./20_newsgroups/comp.windows.x, training set size: 500, testing set size: 500
class: comp.graphics, path: ./20_newsgroups/comp.graphics, training set size: 500, testing set size: 500
class: comp.sys.ibm.pc.hardware, path: ./20_newsgroups/comp.sys.ibm.pc.hardware, training set size: 500, testing set size: 500
class: sci.electronics, path: ./20_newsgroups/sci.electronics, training set size: 500, testing set size: 500
class: talk.politics.guns, path: ./20_newsgroups/talk.politics.guns, training set size: 500, testing set size: 500
class: sci.space, path: ./20_newsgroups/sci.space, training set size: 500, testing set size: 500
class: soc.religion.christian, path: ./20_newsgroups/soc.religion.christian, training set size: 499, testing set size: 498
class: misc.forsale, path: ./20_newsgroups/misc.forsale, training set size: 500, testing set size: 500
class: talk.religion.misc, path: ./20_newsgroups/talk.religion.misc, training set size: 500, testing set size: 500
corpus is splitted

learning the training set...
class: talk.politics.mideast, training sample amount: 500, terms: 20516
class: rec.autos, training sample amount: 500, terms: 13601
class: comp.sys.mac.hardware, training sample amount: 500, terms: 11608
class: alt.atheism, training sample amount: 500, terms: 13470
class: rec.sport.baseball, training sample amount: 500, terms: 12888
class: comp.os.ms-windows.misc, training sample amount: 500, terms: 21429
class: rec.sport.hockey, training sample amount: 500, terms: 16097
class: sci.crypt, training sample amount: 500, terms: 15629
class: sci.med, training sample amount: 500, terms: 17838
class: talk.politics.misc, training sample amount: 500, terms: 19135
class: rec.motorcycles, training sample amount: 500, terms: 13291
class: comp.windows.x, training sample amount: 500, terms: 18244
class: comp.graphics, training sample amount: 500, terms: 17434
class: comp.sys.ibm.pc.hardware, training sample amount: 500, terms: 13301
class: sci.electronics, training sample amount: 500, terms: 13845
class: talk.politics.guns, training sample amount: 500, terms: 16254
class: sci.space, training sample amount: 500, terms: 16769
class: soc.religion.christian, training sample amount: 499, terms: 15303
class: misc.forsale, training sample amount: 500, terms: 13471
class: talk.religion.misc, training sample amount: 500, terms: 15996
training matrix shape: (20, 169628)
consumed 12.01 seconds to train

class [talk.politics.mideast] correct: 492 in 500 samples, correct rate: 0.984, largest error: ('talk.politics.misc', 0.014)
class [rec.autos] correct: 448 in 500 samples, correct rate: 0.896, largest error: ('talk.politics.misc', 0.052)
class [comp.sys.mac.hardware] correct: 426 in 500 samples, correct rate: 0.852, largest error: ('talk.politics.misc', 0.032)
class [alt.atheism] correct: 379 in 500 samples, correct rate: 0.758, largest error: ('talk.religion.misc', 0.148)
class [rec.sport.baseball] correct: 475 in 500 samples, correct rate: 0.95, largest error: ('talk.politics.misc', 0.028)
class [comp.os.ms-windows.misc] correct: 383 in 500 samples, correct rate: 0.766, largest error: ('comp.graphics', 0.072)
class [rec.sport.hockey] correct: 496 in 500 samples, correct rate: 0.992, largest error: ('talk.politics.misc', 0.006)
class [sci.crypt] correct: 476 in 500 samples, correct rate: 0.952, largest error: ('talk.politics.misc', 0.022)
class [sci.med] correct: 461 in 500 samples, correct rate: 0.922, largest error: ('talk.politics.misc', 0.044)
class [talk.politics.misc] correct: 406 in 500 samples, correct rate: 0.812, largest error: ('talk.politics.mideast', 0.074)
class [rec.motorcycles] correct: 468 in 500 samples, correct rate: 0.936, largest error: ('talk.politics.misc', 0.02)
class [comp.windows.x] correct: 460 in 500 samples, correct rate: 0.92, largest error: ('comp.graphics', 0.036)
class [comp.graphics] correct: 457 in 500 samples, correct rate: 0.914, largest error: ('talk.politics.misc', 0.02)
class [comp.sys.ibm.pc.hardware] correct: 457 in 500 samples, correct rate: 0.914, largest error: ('talk.politics.misc', 0.018)
class [sci.electronics] correct: 413 in 500 samples, correct rate: 0.826, largest error: ('sci.crypt', 0.052)
class [talk.politics.guns] correct: 456 in 500 samples, correct rate: 0.912, largest error: ('talk.politics.misc', 0.058)
class [sci.space] correct: 472 in 500 samples, correct rate: 0.944, largest error: ('talk.politics.misc', 0.026)
class [soc.religion.christian] correct: 495 in 498 samples, correct rate: 0.9939759036144579, largest error: ('talk.politics.mideast', 0.004016064257028112)
class [misc.forsale] correct: 351 in 500 samples, correct rate: 0.702, largest error: ('talk.politics.misc', 0.062)
class [talk.religion.misc] correct: 240 in 500 samples, correct rate: 0.48, largest error: ('alt.atheism', 0.214)
consumed 188 seconds to test

