dir: ./20_newsgroups
strategy: alternative
direction: asc
training percentage: 50
shift: 4
stop words: ./src/stop_words-long.txt
term threshold: 0.0
use term frequency to predict: False
smoothing factor: 0.4
splitting corpus...
class: talk.politics.mideast, path: ./20_newsgroups/talk.politics.mideast, training set size: 500, testing set size: 500
class: rec.autos, path: ./20_newsgroups/rec.autos, training set size: 500, testing set size: 500
class: comp.sys.mac.hardware, path: ./20_newsgroups/comp.sys.mac.hardware, training set size: 500, testing set size: 500
class: alt.atheism, path: ./20_newsgroups/alt.atheism, training set size: 500, testing set size: 500
class: rec.sport.baseball, path: ./20_newsgroups/rec.sport.baseball, training set size: 500, testing set size: 500
class: comp.os.ms-windows.misc, path: ./20_newsgroups/comp.os.ms-windows.misc, training set size: 500, testing set size: 500
class: rec.sport.hockey, path: ./20_newsgroups/rec.sport.hockey, training set size: 500, testing set size: 500
class: sci.crypt, path: ./20_newsgroups/sci.crypt, training set size: 500, testing set size: 500
class: sci.med, path: ./20_newsgroups/sci.med, training set size: 500, testing set size: 500
class: talk.politics.misc, path: ./20_newsgroups/talk.politics.misc, training set size: 500, testing set size: 500
class: rec.motorcycles, path: ./20_newsgroups/rec.motorcycles, training set size: 500, testing set size: 500
class: comp.windows.x, path: ./20_newsgroups/comp.windows.x, training set size: 500, testing set size: 500
class: comp.graphics, path: ./20_newsgroups/comp.graphics, training set size: 500, testing set size: 500
class: comp.sys.ibm.pc.hardware, path: ./20_newsgroups/comp.sys.ibm.pc.hardware, training set size: 500, testing set size: 500
class: sci.electronics, path: ./20_newsgroups/sci.electronics, training set size: 500, testing set size: 500
class: talk.politics.guns, path: ./20_newsgroups/talk.politics.guns, training set size: 500, testing set size: 500
class: sci.space, path: ./20_newsgroups/sci.space, training set size: 500, testing set size: 500
class: soc.religion.christian, path: ./20_newsgroups/soc.religion.christian, training set size: 498, testing set size: 499
class: misc.forsale, path: ./20_newsgroups/misc.forsale, training set size: 500, testing set size: 500
class: talk.religion.misc, path: ./20_newsgroups/talk.religion.misc, training set size: 500, testing set size: 500
corpus is splitted

learning the training set...
class: talk.politics.mideast, training sample amount: 500, terms: 19979
class: rec.autos, training sample amount: 500, terms: 13373
class: comp.sys.mac.hardware, training sample amount: 500, terms: 12294
class: alt.atheism, training sample amount: 500, terms: 15253
class: rec.sport.baseball, training sample amount: 500, terms: 12620
class: comp.os.ms-windows.misc, training sample amount: 500, terms: 25653
class: rec.sport.hockey, training sample amount: 500, terms: 15743
class: sci.crypt, training sample amount: 500, terms: 16923
class: sci.med, training sample amount: 500, terms: 17634
class: talk.politics.misc, training sample amount: 500, terms: 17999
class: rec.motorcycles, training sample amount: 500, terms: 12281
class: comp.windows.x, training sample amount: 500, terms: 19462
class: comp.graphics, training sample amount: 500, terms: 16561
class: comp.sys.ibm.pc.hardware, training sample amount: 500, terms: 12040
class: sci.electronics, training sample amount: 500, terms: 12981
class: talk.politics.guns, training sample amount: 500, terms: 15750
class: sci.space, training sample amount: 500, terms: 18279
class: soc.religion.christian, training sample amount: 498, terms: 15338
class: misc.forsale, training sample amount: 500, terms: 13704
class: talk.religion.misc, training sample amount: 500, terms: 16497
training matrix shape: (20, 172958)
consumed 14.19 seconds to train

class [talk.politics.mideast] correct: 493 in 500 samples, correct rate: 0.986, largest error: ('talk.politics.misc', 0.012)
class [rec.autos] correct: 449 in 500 samples, correct rate: 0.898, largest error: ('talk.politics.mideast', 0.032)
class [comp.sys.mac.hardware] correct: 451 in 500 samples, correct rate: 0.902, largest error: ('talk.politics.misc', 0.022)
class [alt.atheism] correct: 402 in 500 samples, correct rate: 0.804, largest error: ('talk.religion.misc', 0.166)
class [rec.sport.baseball] correct: 483 in 500 samples, correct rate: 0.966, largest error: ('talk.politics.misc', 0.01)
class [comp.os.ms-windows.misc] correct: 439 in 500 samples, correct rate: 0.878, largest error: ('comp.sys.ibm.pc.hardware', 0.032)
class [rec.sport.hockey] correct: 489 in 500 samples, correct rate: 0.978, largest error: ('talk.politics.misc', 0.01)
class [sci.crypt] correct: 496 in 500 samples, correct rate: 0.992, largest error: ('talk.politics.guns', 0.004)
class [sci.med] correct: 459 in 500 samples, correct rate: 0.918, largest error: ('talk.politics.misc', 0.024)
class [talk.politics.misc] correct: 392 in 500 samples, correct rate: 0.784, largest error: ('talk.politics.mideast', 0.082)
class [rec.motorcycles] correct: 468 in 500 samples, correct rate: 0.936, largest error: ('talk.politics.misc', 0.032)
class [comp.windows.x] correct: 468 in 500 samples, correct rate: 0.936, largest error: ('sci.crypt', 0.022)
class [comp.graphics] correct: 400 in 500 samples, correct rate: 0.8, largest error: ('sci.crypt', 0.044)
class [comp.sys.ibm.pc.hardware] correct: 413 in 500 samples, correct rate: 0.826, largest error: ('sci.crypt', 0.04)
class [sci.electronics] correct: 413 in 500 samples, correct rate: 0.826, largest error: ('sci.crypt', 0.066)
class [talk.politics.guns] correct: 450 in 500 samples, correct rate: 0.9, largest error: ('talk.politics.misc', 0.048)
class [sci.space] correct: 480 in 500 samples, correct rate: 0.96, largest error: ('talk.politics.mideast', 0.02)
class [soc.religion.christian] correct: 497 in 499 samples, correct rate: 0.9959919839679359, largest error: ('alt.atheism', 0.002004008016032064)
class [misc.forsale] correct: 349 in 500 samples, correct rate: 0.698, largest error: ('talk.politics.misc', 0.07)
class [talk.religion.misc] correct: 283 in 500 samples, correct rate: 0.566, largest error: ('alt.atheism', 0.188)
consumed 277 seconds to test

