dir: ./20_newsgroups
strategy: alternative
direction: asc
training percentage: 50
shift: 0
stop words: ./src/stop_words-long.txt
term threshold: 0.0
use term frequency to predict: False
smoothing factor: 0.2
splitting corpus...
class: talk.politics.mideast, path: ./20_newsgroups/talk.politics.mideast, training set size: 500, testing set size: 500
class: rec.autos, path: ./20_newsgroups/rec.autos, training set size: 500, testing set size: 500
class: comp.sys.mac.hardware, path: ./20_newsgroups/comp.sys.mac.hardware, training set size: 500, testing set size: 500
class: alt.atheism, path: ./20_newsgroups/alt.atheism, training set size: 500, testing set size: 500
class: rec.sport.baseball, path: ./20_newsgroups/rec.sport.baseball, training set size: 500, testing set size: 500
class: comp.os.ms-windows.misc, path: ./20_newsgroups/comp.os.ms-windows.misc, training set size: 500, testing set size: 500
class: rec.sport.hockey, path: ./20_newsgroups/rec.sport.hockey, training set size: 500, testing set size: 500
class: sci.crypt, path: ./20_newsgroups/sci.crypt, training set size: 500, testing set size: 500
class: sci.med, path: ./20_newsgroups/sci.med, training set size: 500, testing set size: 500
class: talk.politics.misc, path: ./20_newsgroups/talk.politics.misc, training set size: 500, testing set size: 500
class: rec.motorcycles, path: ./20_newsgroups/rec.motorcycles, training set size: 500, testing set size: 500
class: comp.windows.x, path: ./20_newsgroups/comp.windows.x, training set size: 500, testing set size: 500
class: comp.graphics, path: ./20_newsgroups/comp.graphics, training set size: 500, testing set size: 500
class: comp.sys.ibm.pc.hardware, path: ./20_newsgroups/comp.sys.ibm.pc.hardware, training set size: 500, testing set size: 500
class: sci.electronics, path: ./20_newsgroups/sci.electronics, training set size: 500, testing set size: 500
class: talk.politics.guns, path: ./20_newsgroups/talk.politics.guns, training set size: 500, testing set size: 500
class: sci.space, path: ./20_newsgroups/sci.space, training set size: 500, testing set size: 500
class: soc.religion.christian, path: ./20_newsgroups/soc.religion.christian, training set size: 499, testing set size: 498
class: misc.forsale, path: ./20_newsgroups/misc.forsale, training set size: 500, testing set size: 500
class: talk.religion.misc, path: ./20_newsgroups/talk.religion.misc, training set size: 500, testing set size: 500
corpus is splitted

learning the training set...
class: talk.politics.mideast, training sample amount: 500, terms: 20222
class: rec.autos, training sample amount: 500, terms: 13352
class: comp.sys.mac.hardware, training sample amount: 500, terms: 11723
class: alt.atheism, training sample amount: 500, terms: 13276
class: rec.sport.baseball, training sample amount: 500, terms: 12832
class: comp.os.ms-windows.misc, training sample amount: 500, terms: 22054
class: rec.sport.hockey, training sample amount: 500, terms: 16275
class: sci.crypt, training sample amount: 500, terms: 16706
class: sci.med, training sample amount: 500, terms: 18053
class: talk.politics.misc, training sample amount: 500, terms: 18624
class: rec.motorcycles, training sample amount: 500, terms: 13145
class: comp.windows.x, training sample amount: 500, terms: 19428
class: comp.graphics, training sample amount: 500, terms: 17430
class: comp.sys.ibm.pc.hardware, training sample amount: 500, terms: 12477
class: sci.electronics, training sample amount: 500, terms: 13327
class: talk.politics.guns, training sample amount: 500, terms: 16476
class: sci.space, training sample amount: 500, terms: 16324
class: soc.religion.christian, training sample amount: 499, terms: 15322
class: misc.forsale, training sample amount: 500, terms: 13605
class: talk.religion.misc, training sample amount: 500, terms: 16937
training matrix shape: (20, 171422)
consumed 19.17 seconds to train

class [talk.politics.mideast] correct: 489 in 500 samples, correct rate: 0.978, largest error: ('talk.politics.misc', 0.022)
class [rec.autos] correct: 450 in 500 samples, correct rate: 0.9, largest error: ('talk.politics.misc', 0.03)
class [comp.sys.mac.hardware] correct: 441 in 500 samples, correct rate: 0.882, largest error: ('comp.graphics', 0.032)
class [alt.atheism] correct: 351 in 500 samples, correct rate: 0.702, largest error: ('talk.religion.misc', 0.21)
class [rec.sport.baseball] correct: 478 in 500 samples, correct rate: 0.956, largest error: ('talk.politics.misc', 0.024)
class [comp.os.ms-windows.misc] correct: 406 in 500 samples, correct rate: 0.812, largest error: ('comp.graphics', 0.074)
class [rec.sport.hockey] correct: 488 in 500 samples, correct rate: 0.976, largest error: ('talk.politics.misc', 0.014)
class [sci.crypt] correct: 484 in 500 samples, correct rate: 0.968, largest error: ('talk.politics.misc', 0.02)
class [sci.med] correct: 479 in 500 samples, correct rate: 0.958, largest error: ('talk.politics.misc', 0.02)
class [talk.politics.misc] correct: 397 in 500 samples, correct rate: 0.794, largest error: ('talk.religion.misc', 0.088)
class [rec.motorcycles] correct: 472 in 500 samples, correct rate: 0.944, largest error: ('rec.autos', 0.014)
class [comp.windows.x] correct: 461 in 500 samples, correct rate: 0.922, largest error: ('comp.graphics', 0.04)
class [comp.graphics] correct: 473 in 500 samples, correct rate: 0.946, largest error: ('sci.crypt', 0.01)
class [comp.sys.ibm.pc.hardware] correct: 431 in 500 samples, correct rate: 0.862, largest error: ('comp.graphics', 0.036)
class [sci.electronics] correct: 429 in 500 samples, correct rate: 0.858, largest error: ('sci.crypt', 0.038)
class [talk.politics.guns] correct: 452 in 500 samples, correct rate: 0.904, largest error: ('talk.politics.misc', 0.056)
class [sci.space] correct: 467 in 500 samples, correct rate: 0.934, largest error: ('talk.politics.misc', 0.036)
class [soc.religion.christian] correct: 495 in 498 samples, correct rate: 0.9939759036144579, largest error: ('talk.politics.mideast', 0.004016064257028112)
class [misc.forsale] correct: 369 in 500 samples, correct rate: 0.738, largest error: ('comp.sys.ibm.pc.hardware', 0.04)
class [talk.religion.misc] correct: 304 in 500 samples, correct rate: 0.608, largest error: ('alt.atheism', 0.164)
consumed 293 seconds to test

