dir: ./20_newsgroups
strategy: alternative
direction: asc
training percentage: 50
shift: 3
stop words: ./src/stop_words-long.txt
term threshold: 0.0
use term frequency to predict: False
smoothing factor: 0.7
splitting corpus...
class: talk.politics.mideast, path: ./20_newsgroups/talk.politics.mideast, training set size: 500, testing set size: 500
class: rec.autos, path: ./20_newsgroups/rec.autos, training set size: 500, testing set size: 500
class: comp.sys.mac.hardware, path: ./20_newsgroups/comp.sys.mac.hardware, training set size: 500, testing set size: 500
class: alt.atheism, path: ./20_newsgroups/alt.atheism, training set size: 500, testing set size: 500
class: rec.sport.baseball, path: ./20_newsgroups/rec.sport.baseball, training set size: 500, testing set size: 500
class: comp.os.ms-windows.misc, path: ./20_newsgroups/comp.os.ms-windows.misc, training set size: 500, testing set size: 500
class: rec.sport.hockey, path: ./20_newsgroups/rec.sport.hockey, training set size: 500, testing set size: 500
class: sci.crypt, path: ./20_newsgroups/sci.crypt, training set size: 500, testing set size: 500
class: sci.med, path: ./20_newsgroups/sci.med, training set size: 500, testing set size: 500
class: talk.politics.misc, path: ./20_newsgroups/talk.politics.misc, training set size: 500, testing set size: 500
class: rec.motorcycles, path: ./20_newsgroups/rec.motorcycles, training set size: 500, testing set size: 500
class: comp.windows.x, path: ./20_newsgroups/comp.windows.x, training set size: 500, testing set size: 500
class: comp.graphics, path: ./20_newsgroups/comp.graphics, training set size: 500, testing set size: 500
class: comp.sys.ibm.pc.hardware, path: ./20_newsgroups/comp.sys.ibm.pc.hardware, training set size: 500, testing set size: 500
class: sci.electronics, path: ./20_newsgroups/sci.electronics, training set size: 500, testing set size: 500
class: talk.politics.guns, path: ./20_newsgroups/talk.politics.guns, training set size: 500, testing set size: 500
class: sci.space, path: ./20_newsgroups/sci.space, training set size: 500, testing set size: 500
class: soc.religion.christian, path: ./20_newsgroups/soc.religion.christian, training set size: 498, testing set size: 499
class: misc.forsale, path: ./20_newsgroups/misc.forsale, training set size: 500, testing set size: 500
class: talk.religion.misc, path: ./20_newsgroups/talk.religion.misc, training set size: 500, testing set size: 500
corpus is splitted

learning the training set...
class: talk.politics.mideast, training sample amount: 500, terms: 19792
class: rec.autos, training sample amount: 500, terms: 13471
class: comp.sys.mac.hardware, training sample amount: 500, terms: 12756
class: alt.atheism, training sample amount: 500, terms: 15409
class: rec.sport.baseball, training sample amount: 500, terms: 12415
class: comp.os.ms-windows.misc, training sample amount: 500, terms: 21610
class: rec.sport.hockey, training sample amount: 500, terms: 15688
class: sci.crypt, training sample amount: 500, terms: 17012
class: sci.med, training sample amount: 500, terms: 18109
class: talk.politics.misc, training sample amount: 500, terms: 18628
class: rec.motorcycles, training sample amount: 500, terms: 12669
class: comp.windows.x, training sample amount: 500, terms: 19973
class: comp.graphics, training sample amount: 500, terms: 17252
class: comp.sys.ibm.pc.hardware, training sample amount: 500, terms: 11812
class: sci.electronics, training sample amount: 500, terms: 12631
class: talk.politics.guns, training sample amount: 500, terms: 15574
class: sci.space, training sample amount: 500, terms: 18132
class: soc.religion.christian, training sample amount: 498, terms: 15266
class: misc.forsale, training sample amount: 500, terms: 13216
class: talk.religion.misc, training sample amount: 500, terms: 16684
training matrix shape: (20, 169162)
consumed 14.9 seconds to train

class [talk.politics.mideast] correct: 485 in 500 samples, correct rate: 0.97, largest error: ('talk.politics.misc', 0.024)
class [rec.autos] correct: 445 in 500 samples, correct rate: 0.89, largest error: ('talk.politics.misc', 0.046)
class [comp.sys.mac.hardware] correct: 454 in 500 samples, correct rate: 0.908, largest error: ('talk.politics.misc', 0.03)
class [alt.atheism] correct: 413 in 500 samples, correct rate: 0.826, largest error: ('talk.religion.misc', 0.148)
class [rec.sport.baseball] correct: 474 in 500 samples, correct rate: 0.948, largest error: ('talk.politics.misc', 0.028)
class [comp.os.ms-windows.misc] correct: 429 in 500 samples, correct rate: 0.858, largest error: ('talk.politics.misc', 0.028)
class [rec.sport.hockey] correct: 486 in 500 samples, correct rate: 0.972, largest error: ('talk.politics.misc', 0.018)
class [sci.crypt] correct: 493 in 500 samples, correct rate: 0.986, largest error: ('talk.politics.misc', 0.01)
class [sci.med] correct: 452 in 500 samples, correct rate: 0.904, largest error: ('talk.politics.misc', 0.04)
class [talk.politics.misc] correct: 406 in 500 samples, correct rate: 0.812, largest error: ('talk.religion.misc', 0.078)
class [rec.motorcycles] correct: 456 in 500 samples, correct rate: 0.912, largest error: ('talk.politics.misc', 0.046)
class [comp.windows.x] correct: 472 in 500 samples, correct rate: 0.944, largest error: ('sci.crypt', 0.012)
class [comp.graphics] correct: 430 in 500 samples, correct rate: 0.86, largest error: ('talk.politics.misc', 0.034)
class [comp.sys.ibm.pc.hardware] correct: 410 in 500 samples, correct rate: 0.82, largest error: ('talk.politics.misc', 0.05)
class [sci.electronics] correct: 380 in 500 samples, correct rate: 0.76, largest error: ('sci.crypt', 0.1)
class [talk.politics.guns] correct: 435 in 500 samples, correct rate: 0.87, largest error: ('talk.politics.misc', 0.072)
class [sci.space] correct: 465 in 500 samples, correct rate: 0.93, largest error: ('talk.politics.misc', 0.04)
class [soc.religion.christian] correct: 495 in 499 samples, correct rate: 0.9919839679358717, largest error: ('talk.politics.misc', 0.004008016032064128)
class [misc.forsale] correct: 343 in 500 samples, correct rate: 0.686, largest error: ('talk.politics.misc', 0.104)
class [talk.religion.misc] correct: 293 in 500 samples, correct rate: 0.586, largest error: ('alt.atheism', 0.198)
consumed 264 seconds to test

