dir: ./20_newsgroups
strategy: alternative
direction: asc
training percentage: 50
shift: 0
stop words: ./src/stop_words-long.txt
term threshold: 0.0
use term frequency to predict: False
splitting corpus...
class: talk.politics.mideast, path: ./20_newsgroups/talk.politics.mideast, training set size: 500, testing set size: 500
class: rec.autos, path: ./20_newsgroups/rec.autos, training set size: 500, testing set size: 500
class: comp.sys.mac.hardware, path: ./20_newsgroups/comp.sys.mac.hardware, training set size: 500, testing set size: 500
class: alt.atheism, path: ./20_newsgroups/alt.atheism, training set size: 500, testing set size: 500
class: rec.sport.baseball, path: ./20_newsgroups/rec.sport.baseball, training set size: 500, testing set size: 500
class: comp.os.ms-windows.misc, path: ./20_newsgroups/comp.os.ms-windows.misc, training set size: 500, testing set size: 500
class: rec.sport.hockey, path: ./20_newsgroups/rec.sport.hockey, training set size: 500, testing set size: 500
class: sci.crypt, path: ./20_newsgroups/sci.crypt, training set size: 500, testing set size: 500
class: sci.med, path: ./20_newsgroups/sci.med, training set size: 500, testing set size: 500
class: talk.politics.misc, path: ./20_newsgroups/talk.politics.misc, training set size: 500, testing set size: 500
class: rec.motorcycles, path: ./20_newsgroups/rec.motorcycles, training set size: 500, testing set size: 500
class: comp.windows.x, path: ./20_newsgroups/comp.windows.x, training set size: 500, testing set size: 500
class: comp.graphics, path: ./20_newsgroups/comp.graphics, training set size: 500, testing set size: 500
class: comp.sys.ibm.pc.hardware, path: ./20_newsgroups/comp.sys.ibm.pc.hardware, training set size: 500, testing set size: 500
class: sci.electronics, path: ./20_newsgroups/sci.electronics, training set size: 500, testing set size: 500
class: talk.politics.guns, path: ./20_newsgroups/talk.politics.guns, training set size: 500, testing set size: 500
class: sci.space, path: ./20_newsgroups/sci.space, training set size: 500, testing set size: 500
class: soc.religion.christian, path: ./20_newsgroups/soc.religion.christian, training set size: 499, testing set size: 498
class: misc.forsale, path: ./20_newsgroups/misc.forsale, training set size: 500, testing set size: 500
class: talk.religion.misc, path: ./20_newsgroups/talk.religion.misc, training set size: 500, testing set size: 500
corpus is splitted

learning the training set...
class: talk.politics.mideast, training sample amount: 500, terms: 20222
class: rec.autos, training sample amount: 500, terms: 13352
class: comp.sys.mac.hardware, training sample amount: 500, terms: 11723
class: alt.atheism, training sample amount: 500, terms: 13276
class: rec.sport.baseball, training sample amount: 500, terms: 12832
class: comp.os.ms-windows.misc, training sample amount: 500, terms: 22054
class: rec.sport.hockey, training sample amount: 500, terms: 16275
class: sci.crypt, training sample amount: 500, terms: 16706
class: sci.med, training sample amount: 500, terms: 18053
class: talk.politics.misc, training sample amount: 500, terms: 18624
class: rec.motorcycles, training sample amount: 500, terms: 13145
class: comp.windows.x, training sample amount: 500, terms: 19428
class: comp.graphics, training sample amount: 500, terms: 17430
class: comp.sys.ibm.pc.hardware, training sample amount: 500, terms: 12477
class: sci.electronics, training sample amount: 500, terms: 13327
class: talk.politics.guns, training sample amount: 500, terms: 16476
class: sci.space, training sample amount: 500, terms: 16324
class: soc.religion.christian, training sample amount: 499, terms: 15322
class: misc.forsale, training sample amount: 500, terms: 13605
class: talk.religion.misc, training sample amount: 500, terms: 16937
training matrix shape: (20, 171422)
consumed 17.0 seconds to train

class [talk.politics.mideast] correct: 487 in 500 samples, correct rate: 0.974, largest error: ('talk.politics.misc', 0.026)
class [rec.autos] correct: 451 in 500 samples, correct rate: 0.902, largest error: ('talk.politics.misc', 0.026)
class [comp.sys.mac.hardware] correct: 443 in 500 samples, correct rate: 0.886, largest error: ('comp.graphics', 0.028)
class [alt.atheism] correct: 356 in 500 samples, correct rate: 0.712, largest error: ('talk.religion.misc', 0.214)
class [rec.sport.baseball] correct: 479 in 500 samples, correct rate: 0.958, largest error: ('talk.politics.misc', 0.022)
class [comp.os.ms-windows.misc] correct: 409 in 500 samples, correct rate: 0.818, largest error: ('comp.graphics', 0.074)
class [rec.sport.hockey] correct: 490 in 500 samples, correct rate: 0.98, largest error: ('talk.politics.misc', 0.012)
class [sci.crypt] correct: 482 in 500 samples, correct rate: 0.964, largest error: ('talk.politics.misc', 0.016)
class [sci.med] correct: 478 in 500 samples, correct rate: 0.956, largest error: ('talk.politics.misc', 0.02)
class [talk.politics.misc] correct: 396 in 500 samples, correct rate: 0.792, largest error: ('talk.religion.misc', 0.09)
class [rec.motorcycles] correct: 477 in 500 samples, correct rate: 0.954, largest error: ('rec.autos', 0.012)
class [comp.windows.x] correct: 459 in 500 samples, correct rate: 0.918, largest error: ('comp.graphics', 0.044)
class [comp.graphics] correct: 471 in 500 samples, correct rate: 0.942, largest error: ('sci.crypt', 0.01)
class [comp.sys.ibm.pc.hardware] correct: 428 in 500 samples, correct rate: 0.856, largest error: ('comp.graphics', 0.038)
class [sci.electronics] correct: 433 in 500 samples, correct rate: 0.866, largest error: ('sci.crypt', 0.036)
class [talk.politics.guns] correct: 450 in 500 samples, correct rate: 0.9, largest error: ('talk.politics.misc', 0.056)
class [sci.space] correct: 468 in 500 samples, correct rate: 0.936, largest error: ('talk.politics.misc', 0.032)
class [soc.religion.christian] correct: 495 in 498 samples, correct rate: 0.9939759036144579, largest error: ('talk.politics.mideast', 0.004016064257028112)
class [misc.forsale] correct: 374 in 500 samples, correct rate: 0.748, largest error: ('comp.sys.ibm.pc.hardware', 0.04)
class [talk.religion.misc] correct: 306 in 500 samples, correct rate: 0.612, largest error: ('alt.atheism', 0.166)
consumed 287 seconds to test

