dir: ./20_newsgroups
strategy: alternative
direction: asc
training percentage: 50
shift: 9
stop words: ./src/stop_words-long.txt
term threshold: 0.0
use term frequency to predict: False
smoothing factor: 1.0
splitting corpus...
class: talk.politics.mideast, path: ./20_newsgroups/talk.politics.mideast, training set size: 500, testing set size: 500
class: rec.autos, path: ./20_newsgroups/rec.autos, training set size: 500, testing set size: 500
class: comp.sys.mac.hardware, path: ./20_newsgroups/comp.sys.mac.hardware, training set size: 500, testing set size: 500
class: alt.atheism, path: ./20_newsgroups/alt.atheism, training set size: 500, testing set size: 500
class: rec.sport.baseball, path: ./20_newsgroups/rec.sport.baseball, training set size: 500, testing set size: 500
class: comp.os.ms-windows.misc, path: ./20_newsgroups/comp.os.ms-windows.misc, training set size: 500, testing set size: 500
class: rec.sport.hockey, path: ./20_newsgroups/rec.sport.hockey, training set size: 500, testing set size: 500
class: sci.crypt, path: ./20_newsgroups/sci.crypt, training set size: 500, testing set size: 500
class: sci.med, path: ./20_newsgroups/sci.med, training set size: 500, testing set size: 500
class: talk.politics.misc, path: ./20_newsgroups/talk.politics.misc, training set size: 500, testing set size: 500
class: rec.motorcycles, path: ./20_newsgroups/rec.motorcycles, training set size: 500, testing set size: 500
class: comp.windows.x, path: ./20_newsgroups/comp.windows.x, training set size: 500, testing set size: 500
class: comp.graphics, path: ./20_newsgroups/comp.graphics, training set size: 500, testing set size: 500
class: comp.sys.ibm.pc.hardware, path: ./20_newsgroups/comp.sys.ibm.pc.hardware, training set size: 500, testing set size: 500
class: sci.electronics, path: ./20_newsgroups/sci.electronics, training set size: 500, testing set size: 500
class: talk.politics.guns, path: ./20_newsgroups/talk.politics.guns, training set size: 500, testing set size: 500
class: sci.space, path: ./20_newsgroups/sci.space, training set size: 500, testing set size: 500
class: soc.religion.christian, path: ./20_newsgroups/soc.religion.christian, training set size: 499, testing set size: 498
class: misc.forsale, path: ./20_newsgroups/misc.forsale, training set size: 500, testing set size: 500
class: talk.religion.misc, path: ./20_newsgroups/talk.religion.misc, training set size: 500, testing set size: 500
corpus is splitted

learning the training set...
class: talk.politics.mideast, training sample amount: 500, terms: 20516
class: rec.autos, training sample amount: 500, terms: 13601
class: comp.sys.mac.hardware, training sample amount: 500, terms: 11608
class: alt.atheism, training sample amount: 500, terms: 13470
class: rec.sport.baseball, training sample amount: 500, terms: 12888
class: comp.os.ms-windows.misc, training sample amount: 500, terms: 21429
class: rec.sport.hockey, training sample amount: 500, terms: 16097
class: sci.crypt, training sample amount: 500, terms: 15629
class: sci.med, training sample amount: 500, terms: 17838
class: talk.politics.misc, training sample amount: 500, terms: 19135
class: rec.motorcycles, training sample amount: 500, terms: 13291
class: comp.windows.x, training sample amount: 500, terms: 18244
class: comp.graphics, training sample amount: 500, terms: 17434
class: comp.sys.ibm.pc.hardware, training sample amount: 500, terms: 13301
class: sci.electronics, training sample amount: 500, terms: 13845
class: talk.politics.guns, training sample amount: 500, terms: 16254
class: sci.space, training sample amount: 500, terms: 16769
class: soc.religion.christian, training sample amount: 499, terms: 15303
class: misc.forsale, training sample amount: 500, terms: 13471
class: talk.religion.misc, training sample amount: 500, terms: 15996
training matrix shape: (20, 169628)
consumed 11.73 seconds to train

class [talk.politics.mideast] correct: 492 in 500 samples, correct rate: 0.984, largest error: ('talk.politics.misc', 0.016)
class [rec.autos] correct: 446 in 500 samples, correct rate: 0.892, largest error: ('talk.politics.misc', 0.054)
class [comp.sys.mac.hardware] correct: 423 in 500 samples, correct rate: 0.846, largest error: ('talk.politics.misc', 0.038)
class [alt.atheism] correct: 379 in 500 samples, correct rate: 0.758, largest error: ('talk.religion.misc', 0.148)
class [rec.sport.baseball] correct: 474 in 500 samples, correct rate: 0.948, largest error: ('talk.politics.misc', 0.028)
class [comp.os.ms-windows.misc] correct: 380 in 500 samples, correct rate: 0.76, largest error: ('comp.graphics', 0.07)
class [rec.sport.hockey] correct: 496 in 500 samples, correct rate: 0.992, largest error: ('talk.politics.misc', 0.006)
class [sci.crypt] correct: 478 in 500 samples, correct rate: 0.956, largest error: ('talk.politics.misc', 0.024)
class [sci.med] correct: 458 in 500 samples, correct rate: 0.916, largest error: ('talk.politics.misc', 0.046)
class [talk.politics.misc] correct: 409 in 500 samples, correct rate: 0.818, largest error: ('talk.politics.mideast', 0.074)
class [rec.motorcycles] correct: 465 in 500 samples, correct rate: 0.93, largest error: ('talk.politics.misc', 0.022)
class [comp.windows.x] correct: 462 in 500 samples, correct rate: 0.924, largest error: ('comp.graphics', 0.028)
class [comp.graphics] correct: 455 in 500 samples, correct rate: 0.91, largest error: ('talk.politics.mideast', 0.02)
class [comp.sys.ibm.pc.hardware] correct: 455 in 500 samples, correct rate: 0.91, largest error: ('talk.politics.misc', 0.018)
class [sci.electronics] correct: 405 in 500 samples, correct rate: 0.81, largest error: ('sci.crypt', 0.058)
class [talk.politics.guns] correct: 456 in 500 samples, correct rate: 0.912, largest error: ('talk.politics.misc', 0.056)
class [sci.space] correct: 472 in 500 samples, correct rate: 0.944, largest error: ('talk.politics.misc', 0.026)
class [soc.religion.christian] correct: 495 in 498 samples, correct rate: 0.9939759036144579, largest error: ('talk.politics.mideast', 0.004016064257028112)
class [misc.forsale] correct: 349 in 500 samples, correct rate: 0.698, largest error: ('talk.politics.misc', 0.064)
class [talk.religion.misc] correct: 239 in 500 samples, correct rate: 0.478, largest error: ('alt.atheism', 0.216)
consumed 193 seconds to test

