dir: ./20_newsgroups
strategy: alternative
direction: asc
training percentage: 50
shift: 5
stop words: ./src/stop_words-long.txt
term threshold: 0.0
use term frequency to predict: False
splitting corpus...
class: talk.politics.mideast, path: ./20_newsgroups/talk.politics.mideast, training set size: 500, testing set size: 500
class: rec.autos, path: ./20_newsgroups/rec.autos, training set size: 500, testing set size: 500
class: comp.sys.mac.hardware, path: ./20_newsgroups/comp.sys.mac.hardware, training set size: 500, testing set size: 500
class: alt.atheism, path: ./20_newsgroups/alt.atheism, training set size: 500, testing set size: 500
class: rec.sport.baseball, path: ./20_newsgroups/rec.sport.baseball, training set size: 500, testing set size: 500
class: comp.os.ms-windows.misc, path: ./20_newsgroups/comp.os.ms-windows.misc, training set size: 500, testing set size: 500
class: rec.sport.hockey, path: ./20_newsgroups/rec.sport.hockey, training set size: 500, testing set size: 500
class: sci.crypt, path: ./20_newsgroups/sci.crypt, training set size: 500, testing set size: 500
class: sci.med, path: ./20_newsgroups/sci.med, training set size: 500, testing set size: 500
class: talk.politics.misc, path: ./20_newsgroups/talk.politics.misc, training set size: 500, testing set size: 500
class: rec.motorcycles, path: ./20_newsgroups/rec.motorcycles, training set size: 500, testing set size: 500
class: comp.windows.x, path: ./20_newsgroups/comp.windows.x, training set size: 500, testing set size: 500
class: comp.graphics, path: ./20_newsgroups/comp.graphics, training set size: 500, testing set size: 500
class: comp.sys.ibm.pc.hardware, path: ./20_newsgroups/comp.sys.ibm.pc.hardware, training set size: 500, testing set size: 500
class: sci.electronics, path: ./20_newsgroups/sci.electronics, training set size: 500, testing set size: 500
class: talk.politics.guns, path: ./20_newsgroups/talk.politics.guns, training set size: 500, testing set size: 500
class: sci.space, path: ./20_newsgroups/sci.space, training set size: 500, testing set size: 500
class: soc.religion.christian, path: ./20_newsgroups/soc.religion.christian, training set size: 498, testing set size: 499
class: misc.forsale, path: ./20_newsgroups/misc.forsale, training set size: 500, testing set size: 500
class: talk.religion.misc, path: ./20_newsgroups/talk.religion.misc, training set size: 500, testing set size: 500
corpus is splitted

learning the training set...
class: talk.politics.mideast, training sample amount: 500, terms: 19983
class: rec.autos, training sample amount: 500, terms: 13421
class: comp.sys.mac.hardware, training sample amount: 500, terms: 12124
class: alt.atheism, training sample amount: 500, terms: 15308
class: rec.sport.baseball, training sample amount: 500, terms: 12806
class: comp.os.ms-windows.misc, training sample amount: 500, terms: 25135
class: rec.sport.hockey, training sample amount: 500, terms: 15610
class: sci.crypt, training sample amount: 500, terms: 15920
class: sci.med, training sample amount: 500, terms: 17438
class: talk.politics.misc, training sample amount: 500, terms: 18235
class: rec.motorcycles, training sample amount: 500, terms: 12308
class: comp.windows.x, training sample amount: 500, terms: 18728
class: comp.graphics, training sample amount: 500, terms: 16563
class: comp.sys.ibm.pc.hardware, training sample amount: 500, terms: 12858
class: sci.electronics, training sample amount: 500, terms: 13469
class: talk.politics.guns, training sample amount: 500, terms: 15508
class: sci.space, training sample amount: 500, terms: 18632
class: soc.religion.christian, training sample amount: 498, terms: 15220
class: misc.forsale, training sample amount: 500, terms: 13853
class: talk.religion.misc, training sample amount: 500, terms: 15688
training matrix shape: (20, 171532)
consumed 20.78 seconds to train

class [talk.politics.mideast] correct: 489 in 500 samples, correct rate: 0.978, largest error: ('talk.politics.misc', 0.02)
class [rec.autos] correct: 452 in 500 samples, correct rate: 0.904, largest error: ('talk.politics.misc', 0.038)
class [comp.sys.mac.hardware] correct: 450 in 500 samples, correct rate: 0.9, largest error: ('talk.politics.misc', 0.018)
class [alt.atheism] correct: 420 in 500 samples, correct rate: 0.84, largest error: ('talk.religion.misc', 0.138)
class [rec.sport.baseball] correct: 485 in 500 samples, correct rate: 0.97, largest error: ('talk.politics.mideast', 0.006)
class [comp.os.ms-windows.misc] correct: 437 in 500 samples, correct rate: 0.874, largest error: ('comp.sys.ibm.pc.hardware', 0.032)
class [rec.sport.hockey] correct: 491 in 500 samples, correct rate: 0.982, largest error: ('talk.politics.mideast', 0.006)
class [sci.crypt] correct: 491 in 500 samples, correct rate: 0.982, largest error: ('talk.politics.misc', 0.004)
class [sci.med] correct: 458 in 500 samples, correct rate: 0.916, largest error: ('talk.politics.misc', 0.028)
class [talk.politics.misc] correct: 398 in 500 samples, correct rate: 0.796, largest error: ('talk.religion.misc', 0.08)
class [rec.motorcycles] correct: 474 in 500 samples, correct rate: 0.948, largest error: ('talk.politics.misc', 0.018)
class [comp.windows.x] correct: 474 in 500 samples, correct rate: 0.948, largest error: ('comp.graphics', 0.012)
class [comp.graphics] correct: 416 in 500 samples, correct rate: 0.832, largest error: ('sci.space', 0.034)
class [comp.sys.ibm.pc.hardware] correct: 424 in 500 samples, correct rate: 0.848, largest error: ('comp.os.ms-windows.misc', 0.03)
class [sci.electronics] correct: 429 in 500 samples, correct rate: 0.858, largest error: ('sci.crypt', 0.03)
class [talk.politics.guns] correct: 447 in 500 samples, correct rate: 0.894, largest error: ('talk.politics.misc', 0.076)
class [sci.space] correct: 486 in 500 samples, correct rate: 0.972, largest error: ('talk.politics.mideast', 0.014)
class [soc.religion.christian] correct: 490 in 499 samples, correct rate: 0.9819639278557114, largest error: ('talk.politics.mideast', 0.006012024048096192)
class [misc.forsale] correct: 353 in 500 samples, correct rate: 0.706, largest error: ('talk.politics.misc', 0.056)
class [talk.religion.misc] correct: 258 in 500 samples, correct rate: 0.516, largest error: ('alt.atheism', 0.224)
consumed 291 seconds to test

