dir: ./20_newsgroups
strategy: alternative
direction: asc
training percentage: 50
shift: 8
stop words: ./src/stop_words-long.txt
term threshold: 0.0
use term frequency to predict: False
smoothing factor: 0.5
splitting corpus...
class: talk.politics.mideast, path: ./20_newsgroups/talk.politics.mideast, training set size: 500, testing set size: 500
class: rec.autos, path: ./20_newsgroups/rec.autos, training set size: 500, testing set size: 500
class: comp.sys.mac.hardware, path: ./20_newsgroups/comp.sys.mac.hardware, training set size: 500, testing set size: 500
class: alt.atheism, path: ./20_newsgroups/alt.atheism, training set size: 500, testing set size: 500
class: rec.sport.baseball, path: ./20_newsgroups/rec.sport.baseball, training set size: 500, testing set size: 500
class: comp.os.ms-windows.misc, path: ./20_newsgroups/comp.os.ms-windows.misc, training set size: 500, testing set size: 500
class: rec.sport.hockey, path: ./20_newsgroups/rec.sport.hockey, training set size: 500, testing set size: 500
class: sci.crypt, path: ./20_newsgroups/sci.crypt, training set size: 500, testing set size: 500
class: sci.med, path: ./20_newsgroups/sci.med, training set size: 500, testing set size: 500
class: talk.politics.misc, path: ./20_newsgroups/talk.politics.misc, training set size: 500, testing set size: 500
class: rec.motorcycles, path: ./20_newsgroups/rec.motorcycles, training set size: 500, testing set size: 500
class: comp.windows.x, path: ./20_newsgroups/comp.windows.x, training set size: 500, testing set size: 500
class: comp.graphics, path: ./20_newsgroups/comp.graphics, training set size: 500, testing set size: 500
class: comp.sys.ibm.pc.hardware, path: ./20_newsgroups/comp.sys.ibm.pc.hardware, training set size: 500, testing set size: 500
class: sci.electronics, path: ./20_newsgroups/sci.electronics, training set size: 500, testing set size: 500
class: talk.politics.guns, path: ./20_newsgroups/talk.politics.guns, training set size: 500, testing set size: 500
class: sci.space, path: ./20_newsgroups/sci.space, training set size: 500, testing set size: 500
class: soc.religion.christian, path: ./20_newsgroups/soc.religion.christian, training set size: 499, testing set size: 498
class: misc.forsale, path: ./20_newsgroups/misc.forsale, training set size: 500, testing set size: 500
class: talk.religion.misc, path: ./20_newsgroups/talk.religion.misc, training set size: 500, testing set size: 500
corpus is splitted

learning the training set...
class: talk.politics.mideast, training sample amount: 500, terms: 21015
class: rec.autos, training sample amount: 500, terms: 13489
class: comp.sys.mac.hardware, training sample amount: 500, terms: 11158
class: alt.atheism, training sample amount: 500, terms: 13286
class: rec.sport.baseball, training sample amount: 500, terms: 13080
class: comp.os.ms-windows.misc, training sample amount: 500, terms: 25696
class: rec.sport.hockey, training sample amount: 500, terms: 15857
class: sci.crypt, training sample amount: 500, terms: 15611
class: sci.med, training sample amount: 500, terms: 17303
class: talk.politics.misc, training sample amount: 500, terms: 18632
class: rec.motorcycles, training sample amount: 500, terms: 12870
class: comp.windows.x, training sample amount: 500, terms: 18245
class: comp.graphics, training sample amount: 500, terms: 16692
class: comp.sys.ibm.pc.hardware, training sample amount: 500, terms: 13555
class: sci.electronics, training sample amount: 500, terms: 14011
class: talk.politics.guns, training sample amount: 500, terms: 16278
class: sci.space, training sample amount: 500, terms: 16857
class: soc.religion.christian, training sample amount: 499, terms: 15457
class: misc.forsale, training sample amount: 500, terms: 13979
class: talk.religion.misc, training sample amount: 500, terms: 15833
training matrix shape: (20, 173907)
consumed 12.02 seconds to train

class [talk.politics.mideast] correct: 492 in 500 samples, correct rate: 0.984, largest error: ('talk.politics.misc', 0.01)
class [rec.autos] correct: 447 in 500 samples, correct rate: 0.894, largest error: ('talk.politics.misc', 0.034)
class [comp.sys.mac.hardware] correct: 428 in 500 samples, correct rate: 0.856, largest error: ('sci.crypt', 0.024)
class [alt.atheism] correct: 370 in 500 samples, correct rate: 0.74, largest error: ('talk.religion.misc', 0.152)
class [rec.sport.baseball] correct: 486 in 500 samples, correct rate: 0.972, largest error: ('talk.politics.mideast', 0.01)
class [comp.os.ms-windows.misc] correct: 406 in 500 samples, correct rate: 0.812, largest error: ('comp.sys.ibm.pc.hardware', 0.05)
class [rec.sport.hockey] correct: 495 in 500 samples, correct rate: 0.99, largest error: ('talk.politics.mideast', 0.004)
class [sci.crypt] correct: 483 in 500 samples, correct rate: 0.966, largest error: ('talk.politics.mideast', 0.01)
class [sci.med] correct: 459 in 500 samples, correct rate: 0.918, largest error: ('talk.politics.misc', 0.026)
class [talk.politics.misc] correct: 409 in 500 samples, correct rate: 0.818, largest error: ('talk.politics.mideast', 0.098)
class [rec.motorcycles] correct: 466 in 500 samples, correct rate: 0.932, largest error: ('talk.politics.mideast', 0.02)
class [comp.windows.x] correct: 460 in 500 samples, correct rate: 0.92, largest error: ('comp.graphics', 0.03)
class [comp.graphics] correct: 435 in 500 samples, correct rate: 0.87, largest error: ('talk.politics.mideast', 0.028)
class [comp.sys.ibm.pc.hardware] correct: 457 in 500 samples, correct rate: 0.914, largest error: ('talk.politics.mideast', 0.014)
class [sci.electronics] correct: 424 in 500 samples, correct rate: 0.848, largest error: ('sci.crypt', 0.036)
class [talk.politics.guns] correct: 459 in 500 samples, correct rate: 0.918, largest error: ('talk.politics.misc', 0.052)
class [sci.space] correct: 481 in 500 samples, correct rate: 0.962, largest error: ('talk.politics.mideast', 0.02)
class [soc.religion.christian] correct: 496 in 498 samples, correct rate: 0.9959839357429718, largest error: ('talk.politics.mideast', 0.004016064257028112)
class [misc.forsale] correct: 353 in 500 samples, correct rate: 0.706, largest error: ('talk.politics.mideast', 0.058)
class [talk.religion.misc] correct: 223 in 500 samples, correct rate: 0.446, largest error: ('talk.politics.misc', 0.194)
consumed 186 seconds to test

